2018-03-09 12:18:02,702:INFO: Loading the datasets...
2018-03-09 12:18:06,068:INFO: - done.
2018-03-09 12:22:53,512:INFO: Loading the datasets...
2018-03-09 12:22:56,898:INFO: - done.
2018-03-09 12:22:57,110:INFO: Starting training for 30 epoch(s)
2018-03-09 12:22:57,110:INFO: Epoch 1/30
2018-03-09 12:27:22,093:INFO: Loading the datasets...
2018-03-09 12:27:25,487:INFO: - done.
2018-03-09 12:27:25,668:INFO: Starting training for 30 epoch(s)
2018-03-09 12:27:25,668:INFO: Epoch 1/30
2018-03-09 12:32:16,080:INFO: Loading the datasets...
2018-03-09 12:32:19,529:INFO: - done.
2018-03-09 12:32:19,721:INFO: Starting training for 30 epoch(s)
2018-03-09 12:32:19,721:INFO: Epoch 1/30
2018-03-09 12:53:53,299:INFO: - Train metrics: accuracy: 0.434 ; loss: 0.741
2018-03-10 02:53:06,426:INFO: Loading the datasets...
2018-03-10 02:53:10,050:INFO: - done.
2018-03-10 02:53:12,594:INFO: Starting training for 30 epoch(s)
2018-03-10 02:53:12,594:INFO: Epoch 1/30
2018-03-10 02:54:09,604:INFO: - Train metrics: accuracy: 0.369 ; loss: 0.788
2018-03-10 02:54:10,411:INFO: - Eval metrics : accuracy: 0.595 ; loss: 0.000
2018-03-10 02:54:10,430:INFO: - Found new best accuracy
2018-03-10 02:54:10,431:INFO: Epoch 2/30
2018-03-10 02:55:07,436:INFO: - Train metrics: accuracy: 0.604 ; loss: 0.585
2018-03-10 02:55:08,249:INFO: - Eval metrics : accuracy: 0.694 ; loss: 0.000
2018-03-10 02:55:08,277:INFO: - Found new best accuracy
2018-03-10 02:55:08,278:INFO: Epoch 3/30
2018-03-10 02:56:05,784:INFO: - Train metrics: accuracy: 0.648 ; loss: 0.547
2018-03-10 02:56:06,635:INFO: - Eval metrics : accuracy: 0.724 ; loss: 0.000
2018-03-10 02:56:06,663:INFO: - Found new best accuracy
2018-03-10 02:56:06,664:INFO: Epoch 4/30
2018-03-10 02:57:04,329:INFO: - Train metrics: accuracy: 0.672 ; loss: 0.529
2018-03-10 02:57:05,133:INFO: - Eval metrics : accuracy: 0.740 ; loss: 0.000
2018-03-10 02:57:05,163:INFO: - Found new best accuracy
2018-03-10 02:57:05,164:INFO: Epoch 5/30
2018-03-10 02:58:03,131:INFO: - Train metrics: accuracy: 0.709 ; loss: 0.495
2018-03-10 02:58:03,944:INFO: - Eval metrics : accuracy: 0.759 ; loss: 0.000
2018-03-10 02:58:03,974:INFO: - Found new best accuracy
2018-03-10 02:58:03,976:INFO: Epoch 6/30
2018-03-10 02:59:02,067:INFO: - Train metrics: accuracy: 0.678 ; loss: 0.498
2018-03-10 02:59:02,902:INFO: - Eval metrics : accuracy: 0.747 ; loss: 0.000
2018-03-10 02:59:02,914:INFO: Epoch 7/30
2018-03-10 03:00:01,121:INFO: - Train metrics: accuracy: 0.752 ; loss: 0.491
2018-03-10 03:00:01,953:INFO: - Eval metrics : accuracy: 0.774 ; loss: 0.000
2018-03-10 03:00:01,981:INFO: - Found new best accuracy
2018-03-10 03:00:01,983:INFO: Epoch 8/30
2018-03-10 03:00:59,996:INFO: - Train metrics: accuracy: 0.760 ; loss: 0.488
2018-03-10 03:01:00,783:INFO: - Eval metrics : accuracy: 0.782 ; loss: 0.000
2018-03-10 03:01:00,824:INFO: - Found new best accuracy
2018-03-10 03:01:00,825:INFO: Epoch 9/30
2018-03-10 03:01:58,841:INFO: - Train metrics: accuracy: 0.764 ; loss: 0.475
2018-03-10 03:01:59,645:INFO: - Eval metrics : accuracy: 0.795 ; loss: 0.000
2018-03-10 03:01:59,675:INFO: - Found new best accuracy
2018-03-10 03:01:59,676:INFO: Epoch 10/30
2018-03-10 03:02:57,596:INFO: - Train metrics: accuracy: 0.756 ; loss: 0.461
2018-03-10 03:02:58,396:INFO: - Eval metrics : accuracy: 0.791 ; loss: 0.000
2018-03-10 03:02:58,414:INFO: Epoch 11/30
2018-03-10 03:03:56,468:INFO: - Train metrics: accuracy: 0.791 ; loss: 0.466
2018-03-10 03:03:57,280:INFO: - Eval metrics : accuracy: 0.804 ; loss: 0.000
2018-03-10 03:03:57,306:INFO: - Found new best accuracy
2018-03-10 03:03:57,307:INFO: Epoch 12/30
2018-03-10 03:04:55,404:INFO: - Train metrics: accuracy: 0.824 ; loss: 0.438
2018-03-10 03:04:56,227:INFO: - Eval metrics : accuracy: 0.801 ; loss: 0.000
2018-03-10 03:04:56,244:INFO: Epoch 13/30
2018-03-10 03:05:54,242:INFO: - Train metrics: accuracy: 0.752 ; loss: 0.451
2018-03-10 03:05:55,034:INFO: - Eval metrics : accuracy: 0.812 ; loss: 0.000
2018-03-10 03:05:55,063:INFO: - Found new best accuracy
2018-03-10 03:05:55,064:INFO: Epoch 14/30
2018-03-10 03:06:53,049:INFO: - Train metrics: accuracy: 0.797 ; loss: 0.431
2018-03-10 03:06:53,856:INFO: - Eval metrics : accuracy: 0.809 ; loss: 0.000
2018-03-10 03:06:53,873:INFO: Epoch 15/30
2018-03-10 03:07:51,991:INFO: - Train metrics: accuracy: 0.795 ; loss: 0.439
2018-03-10 03:07:52,796:INFO: - Eval metrics : accuracy: 0.817 ; loss: 0.000
2018-03-10 03:07:52,824:INFO: - Found new best accuracy
2018-03-10 03:07:52,824:INFO: Epoch 16/30
2018-03-10 03:08:50,832:INFO: - Train metrics: accuracy: 0.820 ; loss: 0.439
2018-03-10 03:08:51,626:INFO: - Eval metrics : accuracy: 0.819 ; loss: 0.000
2018-03-10 03:08:51,654:INFO: - Found new best accuracy
2018-03-10 03:08:51,656:INFO: Epoch 17/30
2018-03-10 03:09:49,703:INFO: - Train metrics: accuracy: 0.812 ; loss: 0.419
2018-03-10 03:09:50,512:INFO: - Eval metrics : accuracy: 0.819 ; loss: 0.000
2018-03-10 03:09:50,540:INFO: - Found new best accuracy
2018-03-10 03:09:50,540:INFO: Epoch 18/30
2018-03-10 03:10:48,512:INFO: - Train metrics: accuracy: 0.805 ; loss: 0.423
2018-03-10 03:10:49,336:INFO: - Eval metrics : accuracy: 0.813 ; loss: 0.000
2018-03-10 03:10:49,353:INFO: Epoch 19/30
2018-03-10 03:11:47,476:INFO: - Train metrics: accuracy: 0.803 ; loss: 0.444
2018-03-10 03:11:48,284:INFO: - Eval metrics : accuracy: 0.816 ; loss: 0.000
2018-03-10 03:11:48,300:INFO: Epoch 20/30
2018-03-10 03:12:46,290:INFO: - Train metrics: accuracy: 0.828 ; loss: 0.454
2018-03-10 03:12:47,116:INFO: - Eval metrics : accuracy: 0.832 ; loss: 0.000
2018-03-10 03:12:47,144:INFO: - Found new best accuracy
2018-03-10 03:12:47,144:INFO: Epoch 21/30
2018-03-10 03:13:45,146:INFO: - Train metrics: accuracy: 0.793 ; loss: 0.450
2018-03-10 03:13:45,964:INFO: - Eval metrics : accuracy: 0.828 ; loss: 0.000
2018-03-10 03:13:45,982:INFO: Epoch 22/30
2018-03-10 03:14:44,082:INFO: - Train metrics: accuracy: 0.793 ; loss: 0.454
2018-03-10 03:14:44,891:INFO: - Eval metrics : accuracy: 0.835 ; loss: 0.000
2018-03-10 03:14:44,919:INFO: - Found new best accuracy
2018-03-10 03:14:44,919:INFO: Epoch 23/30
2018-03-10 03:15:42,919:INFO: - Train metrics: accuracy: 0.826 ; loss: 0.458
2018-03-10 03:15:43,723:INFO: - Eval metrics : accuracy: 0.823 ; loss: 0.000
2018-03-10 03:15:43,738:INFO: Epoch 24/30
2018-03-10 03:16:41,764:INFO: - Train metrics: accuracy: 0.814 ; loss: 0.436
2018-03-10 03:16:42,579:INFO: - Eval metrics : accuracy: 0.826 ; loss: 0.000
2018-03-10 03:16:42,596:INFO: Epoch 25/30
2018-03-10 03:17:40,615:INFO: - Train metrics: accuracy: 0.824 ; loss: 0.439
2018-03-10 03:17:41,434:INFO: - Eval metrics : accuracy: 0.829 ; loss: 0.000
2018-03-10 03:17:41,450:INFO: Epoch 26/30
2018-03-10 03:18:39,450:INFO: - Train metrics: accuracy: 0.826 ; loss: 0.431
2018-03-10 03:18:40,251:INFO: - Eval metrics : accuracy: 0.828 ; loss: 0.000
2018-03-10 03:18:40,267:INFO: Epoch 27/30
2018-03-10 03:19:38,306:INFO: - Train metrics: accuracy: 0.857 ; loss: 0.421
2018-03-10 03:19:39,128:INFO: - Eval metrics : accuracy: 0.838 ; loss: 0.000
2018-03-10 03:19:39,156:INFO: - Found new best accuracy
2018-03-10 03:19:39,158:INFO: Epoch 28/30
2018-03-10 03:20:37,248:INFO: - Train metrics: accuracy: 0.832 ; loss: 0.447
2018-03-10 03:20:38,068:INFO: - Eval metrics : accuracy: 0.838 ; loss: 0.000
2018-03-10 03:20:38,085:INFO: Epoch 29/30
2018-03-10 03:21:36,184:INFO: - Train metrics: accuracy: 0.830 ; loss: 0.449
2018-03-10 03:21:37,014:INFO: - Eval metrics : accuracy: 0.839 ; loss: 0.000
2018-03-10 03:21:37,041:INFO: - Found new best accuracy
2018-03-10 03:21:37,042:INFO: Epoch 30/30
2018-03-10 03:22:35,042:INFO: - Train metrics: accuracy: 0.850 ; loss: 0.428
2018-03-10 03:22:35,872:INFO: - Eval metrics : accuracy: 0.842 ; loss: 0.000
2018-03-10 03:22:35,900:INFO: - Found new best accuracy
2018-03-10 06:50:16,323:INFO: Loading the datasets...
2018-03-10 06:50:19,927:INFO: - done.
2018-03-10 06:50:22,441:INFO: Starting training for 30 epoch(s)
2018-03-10 06:50:22,442:INFO: Epoch 1/30
2018-03-10 06:51:19,821:INFO: - Train metrics: accuracy: 0.357 ; loss: 0.792
2018-03-10 06:51:20,650:INFO: - Eval metrics : accuracy: 0.589 ; loss: 0.000
2018-03-10 06:51:20,685:INFO: - Found new best accuracy
2018-03-10 06:51:20,685:INFO: Epoch 2/30
2018-03-10 06:52:17,802:INFO: - Train metrics: accuracy: 0.592 ; loss: 0.599
2018-03-10 06:52:18,605:INFO: - Eval metrics : accuracy: 0.690 ; loss: 0.000
2018-03-10 06:52:18,634:INFO: - Found new best accuracy
2018-03-10 06:52:18,634:INFO: Epoch 3/30
2018-03-10 06:53:16,412:INFO: - Train metrics: accuracy: 0.633 ; loss: 0.557
2018-03-10 06:53:17,217:INFO: - Eval metrics : accuracy: 0.721 ; loss: 0.000
2018-03-10 06:53:17,252:INFO: - Found new best accuracy
2018-03-10 06:53:17,252:INFO: Epoch 4/30
2018-03-10 06:54:14,961:INFO: - Train metrics: accuracy: 0.680 ; loss: 0.521
2018-03-10 06:54:15,787:INFO: - Eval metrics : accuracy: 0.740 ; loss: 0.000
2018-03-10 06:54:15,828:INFO: - Found new best accuracy
2018-03-10 06:54:15,828:INFO: Epoch 5/30
2018-03-10 06:55:15,103:INFO: - Train metrics: accuracy: 0.703 ; loss: 0.495
2018-03-10 06:55:16,931:INFO: - Eval metrics : accuracy: 0.752 ; loss: 0.000
2018-03-10 06:55:16,978:INFO: - Found new best accuracy
2018-03-10 06:55:16,979:INFO: Epoch 6/30
2018-03-10 06:56:57,460:INFO: - Train metrics: accuracy: 0.695 ; loss: 0.495
2018-03-10 06:56:59,023:INFO: - Eval metrics : accuracy: 0.769 ; loss: 0.000
2018-03-10 06:56:59,085:INFO: - Found new best accuracy
2018-03-10 06:56:59,085:INFO: Epoch 7/30
2018-03-10 06:58:39,095:INFO: - Train metrics: accuracy: 0.730 ; loss: 0.484
2018-03-10 06:58:40,557:INFO: - Eval metrics : accuracy: 0.777 ; loss: 0.000
2018-03-10 06:58:40,591:INFO: - Found new best accuracy
2018-03-10 06:58:40,592:INFO: Epoch 8/30
2018-03-10 07:00:20,549:INFO: - Train metrics: accuracy: 0.760 ; loss: 0.478
2018-03-10 07:00:22,121:INFO: - Eval metrics : accuracy: 0.778 ; loss: 0.000
2018-03-10 07:00:22,161:INFO: - Found new best accuracy
2018-03-10 07:00:22,162:INFO: Epoch 9/30
2018-03-10 07:02:02,496:INFO: - Train metrics: accuracy: 0.783 ; loss: 0.460
2018-03-10 07:02:04,346:INFO: - Eval metrics : accuracy: 0.794 ; loss: 0.000
2018-03-10 07:02:04,391:INFO: - Found new best accuracy
2018-03-10 07:02:04,392:INFO: Epoch 10/30
2018-03-10 07:03:44,676:INFO: - Train metrics: accuracy: 0.738 ; loss: 0.463
2018-03-10 07:03:46,177:INFO: - Eval metrics : accuracy: 0.805 ; loss: 0.000
2018-03-10 07:03:46,207:INFO: - Found new best accuracy
2018-03-10 07:03:46,208:INFO: Epoch 11/30
2018-03-10 07:05:08,904:INFO: - Train metrics: accuracy: 0.793 ; loss: 0.457
2018-03-10 07:05:09,723:INFO: - Eval metrics : accuracy: 0.787 ; loss: 0.000
2018-03-10 07:05:09,736:INFO: Epoch 12/30
2018-03-10 07:06:07,600:INFO: - Train metrics: accuracy: 0.824 ; loss: 0.439
2018-03-10 07:06:08,432:INFO: - Eval metrics : accuracy: 0.803 ; loss: 0.000
2018-03-10 07:06:08,447:INFO: Epoch 13/30
2018-03-10 07:07:06,314:INFO: - Train metrics: accuracy: 0.791 ; loss: 0.462
2018-03-10 07:07:07,166:INFO: - Eval metrics : accuracy: 0.798 ; loss: 0.000
2018-03-10 07:07:07,187:INFO: Epoch 14/30
2018-03-10 07:08:05,125:INFO: - Train metrics: accuracy: 0.801 ; loss: 0.433
2018-03-10 07:08:05,958:INFO: - Eval metrics : accuracy: 0.806 ; loss: 0.000
2018-03-10 07:08:05,987:INFO: - Found new best accuracy
2018-03-10 07:08:05,987:INFO: Epoch 15/30
2018-03-10 07:09:03,789:INFO: - Train metrics: accuracy: 0.805 ; loss: 0.447
2018-03-10 07:09:04,644:INFO: - Eval metrics : accuracy: 0.811 ; loss: 0.000
2018-03-10 07:09:04,671:INFO: - Found new best accuracy
2018-03-10 07:09:04,671:INFO: Epoch 16/30
2018-03-10 07:10:02,516:INFO: - Train metrics: accuracy: 0.803 ; loss: 0.445
2018-03-10 07:10:03,379:INFO: - Eval metrics : accuracy: 0.811 ; loss: 0.000
2018-03-10 07:10:03,395:INFO: Epoch 17/30
2018-03-10 07:11:01,218:INFO: - Train metrics: accuracy: 0.818 ; loss: 0.415
2018-03-10 07:11:02,069:INFO: - Eval metrics : accuracy: 0.815 ; loss: 0.000
2018-03-10 07:11:02,097:INFO: - Found new best accuracy
2018-03-10 07:11:02,098:INFO: Epoch 18/30
2018-03-10 07:11:59,954:INFO: - Train metrics: accuracy: 0.826 ; loss: 0.431
2018-03-10 07:12:00,738:INFO: - Eval metrics : accuracy: 0.822 ; loss: 0.000
2018-03-10 07:12:00,766:INFO: - Found new best accuracy
2018-03-10 07:12:00,766:INFO: Epoch 19/30
2018-03-10 07:12:58,631:INFO: - Train metrics: accuracy: 0.805 ; loss: 0.447
2018-03-10 07:12:59,466:INFO: - Eval metrics : accuracy: 0.818 ; loss: 0.000
2018-03-10 07:12:59,482:INFO: Epoch 20/30
2018-03-10 07:13:57,302:INFO: - Train metrics: accuracy: 0.826 ; loss: 0.465
2018-03-10 07:13:58,132:INFO: - Eval metrics : accuracy: 0.824 ; loss: 0.000
2018-03-10 07:13:58,160:INFO: - Found new best accuracy
2018-03-10 07:13:58,160:INFO: Epoch 21/30
2018-03-10 07:14:56,017:INFO: - Train metrics: accuracy: 0.814 ; loss: 0.452
2018-03-10 07:14:56,831:INFO: - Eval metrics : accuracy: 0.812 ; loss: 0.000
2018-03-10 07:14:56,847:INFO: Epoch 22/30
2018-03-10 07:15:54,686:INFO: - Train metrics: accuracy: 0.801 ; loss: 0.468
2018-03-10 07:15:55,533:INFO: - Eval metrics : accuracy: 0.819 ; loss: 0.000
2018-03-10 07:15:55,554:INFO: Epoch 23/30
2018-03-10 07:16:53,444:INFO: - Train metrics: accuracy: 0.838 ; loss: 0.446
2018-03-10 07:16:54,271:INFO: - Eval metrics : accuracy: 0.825 ; loss: 0.000
2018-03-10 07:16:54,297:INFO: - Found new best accuracy
2018-03-10 07:16:54,298:INFO: Epoch 24/30
2018-03-10 07:17:52,129:INFO: - Train metrics: accuracy: 0.807 ; loss: 0.432
2018-03-10 07:17:52,954:INFO: - Eval metrics : accuracy: 0.830 ; loss: 0.000
2018-03-10 07:17:52,981:INFO: - Found new best accuracy
2018-03-10 07:17:52,983:INFO: Epoch 25/30
2018-03-10 07:18:50,821:INFO: - Train metrics: accuracy: 0.816 ; loss: 0.449
2018-03-10 07:18:51,657:INFO: - Eval metrics : accuracy: 0.827 ; loss: 0.000
2018-03-10 07:18:51,677:INFO: Epoch 26/30
2018-03-10 07:19:49,570:INFO: - Train metrics: accuracy: 0.828 ; loss: 0.437
2018-03-10 07:19:50,410:INFO: - Eval metrics : accuracy: 0.821 ; loss: 0.000
2018-03-10 07:19:50,427:INFO: Epoch 27/30
2018-03-10 07:20:48,246:INFO: - Train metrics: accuracy: 0.863 ; loss: 0.424
2018-03-10 07:20:49,068:INFO: - Eval metrics : accuracy: 0.833 ; loss: 0.000
2018-03-10 07:20:49,098:INFO: - Found new best accuracy
2018-03-10 07:20:49,099:INFO: Epoch 28/30
2018-03-10 07:21:47,035:INFO: - Train metrics: accuracy: 0.846 ; loss: 0.439
2018-03-10 07:21:47,865:INFO: - Eval metrics : accuracy: 0.832 ; loss: 0.000
2018-03-10 07:21:47,885:INFO: Epoch 29/30
2018-03-10 07:22:45,709:INFO: - Train metrics: accuracy: 0.814 ; loss: 0.458
2018-03-10 07:22:46,539:INFO: - Eval metrics : accuracy: 0.839 ; loss: 0.000
2018-03-10 07:22:46,567:INFO: - Found new best accuracy
2018-03-10 07:22:46,567:INFO: Epoch 30/30
2018-03-10 07:23:44,333:INFO: - Train metrics: accuracy: 0.830 ; loss: 0.445
2018-03-10 07:23:45,156:INFO: - Eval metrics : accuracy: 0.838 ; loss: 0.000
2020-07-09 10:00:58,373:INFO: Loading the datasets...
2020-07-09 10:01:29,093:INFO: - done.
2020-07-09 10:01:31,781:INFO: Experiment - model version: cnn_distill
2020-07-09 10:01:31,781:INFO: Starting training for 30 epoch(s)
2020-07-09 10:01:31,781:INFO: First, loading the teacher model and computing its outputs...
2020-07-09 10:01:36,705:INFO: - Finished computing teacher outputs after 5 secs..
2020-07-09 10:01:36,706:INFO: Epoch 1/30
2020-07-09 10:01:42,402:INFO: - Train metrics: accuracy: 0.311 ; loss: 1.016
2020-07-09 10:01:43,333:INFO: - Eval metrics : accuracy: 0.560 ; loss: 0.000
2020-07-09 10:01:43,353:INFO: - Found new best accuracy
2020-07-09 10:01:43,354:INFO: Epoch 2/30
2020-07-09 10:01:48,905:INFO: - Train metrics: accuracy: 0.531 ; loss: 0.989
2020-07-09 10:01:49,899:INFO: - Eval metrics : accuracy: 0.621 ; loss: 0.000
2020-07-09 10:01:49,930:INFO: - Found new best accuracy
2020-07-09 10:01:49,931:INFO: Epoch 3/30
2020-07-09 10:01:56,825:INFO: - Train metrics: accuracy: 0.586 ; loss: 0.974
2020-07-09 10:01:57,906:INFO: - Eval metrics : accuracy: 0.651 ; loss: 0.000
2020-07-09 10:01:57,931:INFO: - Found new best accuracy
2020-07-09 10:01:57,932:INFO: Epoch 4/30
2020-07-09 10:02:04,415:INFO: - Train metrics: accuracy: 0.607 ; loss: 0.972
2020-07-09 10:02:05,466:INFO: - Eval metrics : accuracy: 0.683 ; loss: 0.000
2020-07-09 10:02:05,501:INFO: - Found new best accuracy
2020-07-09 10:02:05,502:INFO: Epoch 5/30
2020-07-09 10:02:10,704:INFO: - Train metrics: accuracy: 0.613 ; loss: 0.969
2020-07-09 10:02:11,675:INFO: - Eval metrics : accuracy: 0.697 ; loss: 0.000
2020-07-09 10:02:11,700:INFO: - Found new best accuracy
2020-07-09 10:02:11,702:INFO: Epoch 6/30
2020-07-09 10:02:17,440:INFO: - Train metrics: accuracy: 0.623 ; loss: 0.967
2020-07-09 10:02:18,434:INFO: - Eval metrics : accuracy: 0.705 ; loss: 0.000
2020-07-09 10:02:18,461:INFO: - Found new best accuracy
2020-07-09 10:02:18,463:INFO: Epoch 7/30
2020-07-09 10:02:23,471:INFO: - Train metrics: accuracy: 0.680 ; loss: 0.969
2020-07-09 10:02:24,464:INFO: - Eval metrics : accuracy: 0.717 ; loss: 0.000
2020-07-09 10:02:24,500:INFO: - Found new best accuracy
2020-07-09 10:02:24,502:INFO: Epoch 8/30
2020-07-09 10:02:31,570:INFO: - Train metrics: accuracy: 0.664 ; loss: 0.973
2020-07-09 10:02:32,568:INFO: - Eval metrics : accuracy: 0.732 ; loss: 0.000
2020-07-09 10:02:32,604:INFO: - Found new best accuracy
2020-07-09 10:02:32,606:INFO: Epoch 9/30
2020-07-09 10:02:39,013:INFO: - Train metrics: accuracy: 0.703 ; loss: 0.946
2020-07-09 10:02:40,006:INFO: - Eval metrics : accuracy: 0.747 ; loss: 0.000
2020-07-09 10:02:40,032:INFO: - Found new best accuracy
2020-07-09 10:02:40,033:INFO: Epoch 10/30
2020-07-09 10:02:45,795:INFO: - Train metrics: accuracy: 0.680 ; loss: 0.955
2020-07-09 10:02:46,765:INFO: - Eval metrics : accuracy: 0.741 ; loss: 0.000
2020-07-09 10:02:46,790:INFO: Epoch 11/30
2020-07-09 10:02:52,364:INFO: - Train metrics: accuracy: 0.717 ; loss: 0.950
2020-07-09 10:02:53,428:INFO: - Eval metrics : accuracy: 0.750 ; loss: 0.000
2020-07-09 10:02:53,455:INFO: - Found new best accuracy
2020-07-09 10:02:53,456:INFO: Epoch 12/30
2020-07-09 10:03:00,248:INFO: - Train metrics: accuracy: 0.758 ; loss: 0.944
2020-07-09 10:03:01,196:INFO: - Eval metrics : accuracy: 0.752 ; loss: 0.000
2020-07-09 10:03:01,225:INFO: - Found new best accuracy
2020-07-09 10:03:01,227:INFO: Epoch 13/30
2020-07-09 10:03:07,374:INFO: - Train metrics: accuracy: 0.732 ; loss: 0.953
2020-07-09 10:03:08,331:INFO: - Eval metrics : accuracy: 0.770 ; loss: 0.000
2020-07-09 10:03:08,358:INFO: - Found new best accuracy
2020-07-09 10:03:08,359:INFO: Epoch 14/30
2020-07-09 10:03:14,948:INFO: - Train metrics: accuracy: 0.732 ; loss: 0.947
2020-07-09 10:03:15,945:INFO: - Eval metrics : accuracy: 0.771 ; loss: 0.000
2020-07-09 10:03:15,977:INFO: - Found new best accuracy
2020-07-09 10:03:15,978:INFO: Epoch 15/30
2020-07-09 10:03:22,431:INFO: - Train metrics: accuracy: 0.742 ; loss: 0.960
2020-07-09 10:03:23,365:INFO: - Eval metrics : accuracy: 0.768 ; loss: 0.000
2020-07-09 10:03:23,389:INFO: Epoch 16/30
2020-07-09 10:03:28,784:INFO: - Train metrics: accuracy: 0.723 ; loss: 0.946
2020-07-09 10:03:29,766:INFO: - Eval metrics : accuracy: 0.768 ; loss: 0.000
2020-07-09 10:03:29,789:INFO: Epoch 17/30
2020-07-09 10:03:36,411:INFO: - Train metrics: accuracy: 0.742 ; loss: 0.944
2020-07-09 10:03:37,372:INFO: - Eval metrics : accuracy: 0.755 ; loss: 0.000
2020-07-09 10:03:37,397:INFO: Epoch 18/30
2020-07-09 10:03:43,077:INFO: - Train metrics: accuracy: 0.750 ; loss: 0.947
2020-07-09 10:03:44,027:INFO: - Eval metrics : accuracy: 0.784 ; loss: 0.000
2020-07-09 10:03:44,047:INFO: - Found new best accuracy
2020-07-09 10:03:44,048:INFO: Epoch 19/30
2020-07-09 10:03:48,654:INFO: - Train metrics: accuracy: 0.727 ; loss: 0.954
2020-07-09 10:03:49,614:INFO: - Eval metrics : accuracy: 0.769 ; loss: 0.000
2020-07-09 10:03:49,629:INFO: Epoch 20/30
2020-07-09 10:03:55,381:INFO: - Train metrics: accuracy: 0.764 ; loss: 0.948
2020-07-09 10:03:56,328:INFO: - Eval metrics : accuracy: 0.788 ; loss: 0.000
2020-07-09 10:03:56,351:INFO: - Found new best accuracy
2020-07-09 10:03:56,352:INFO: Epoch 21/30
2020-07-09 10:04:03,594:INFO: - Train metrics: accuracy: 0.783 ; loss: 0.936
2020-07-09 10:04:04,617:INFO: - Eval metrics : accuracy: 0.794 ; loss: 0.000
2020-07-09 10:04:04,642:INFO: - Found new best accuracy
2020-07-09 10:04:04,643:INFO: Epoch 22/30
2020-07-09 10:04:12,005:INFO: - Train metrics: accuracy: 0.771 ; loss: 0.950
2020-07-09 10:04:12,967:INFO: - Eval metrics : accuracy: 0.792 ; loss: 0.000
2020-07-09 10:04:12,987:INFO: Epoch 23/30
2020-07-09 10:04:20,787:INFO: - Train metrics: accuracy: 0.795 ; loss: 0.934
2020-07-09 10:04:21,792:INFO: - Eval metrics : accuracy: 0.793 ; loss: 0.000
2020-07-09 10:04:21,808:INFO: Epoch 24/30
2020-07-09 10:04:27,705:INFO: - Train metrics: accuracy: 0.779 ; loss: 0.949
2020-07-09 10:04:28,754:INFO: - Eval metrics : accuracy: 0.794 ; loss: 0.000
2020-07-09 10:04:28,784:INFO: - Found new best accuracy
2020-07-09 10:04:28,786:INFO: Epoch 25/30
2020-07-09 10:04:35,675:INFO: - Train metrics: accuracy: 0.795 ; loss: 0.943
2020-07-09 10:04:36,653:INFO: - Eval metrics : accuracy: 0.791 ; loss: 0.000
2020-07-09 10:04:36,675:INFO: Epoch 26/30
2020-07-09 10:04:43,668:INFO: - Train metrics: accuracy: 0.756 ; loss: 0.948
2020-07-09 10:04:44,586:INFO: - Eval metrics : accuracy: 0.806 ; loss: 0.000
2020-07-09 10:04:44,622:INFO: - Found new best accuracy
2020-07-09 10:04:44,624:INFO: Epoch 27/30
2020-07-09 10:04:49,820:INFO: - Train metrics: accuracy: 0.812 ; loss: 0.933
2020-07-09 10:04:50,730:INFO: - Eval metrics : accuracy: 0.802 ; loss: 0.000
2020-07-09 10:04:50,747:INFO: Epoch 28/30
2020-07-09 10:04:57,472:INFO: - Train metrics: accuracy: 0.773 ; loss: 0.946
2020-07-09 10:04:58,474:INFO: - Eval metrics : accuracy: 0.805 ; loss: 0.000
2020-07-09 10:04:58,492:INFO: Epoch 29/30
2020-07-09 10:05:05,391:INFO: - Train metrics: accuracy: 0.768 ; loss: 0.951
2020-07-09 10:05:06,441:INFO: - Eval metrics : accuracy: 0.800 ; loss: 0.000
2020-07-09 10:05:06,458:INFO: Epoch 30/30
2020-07-09 10:05:11,087:INFO: - Train metrics: accuracy: 0.818 ; loss: 0.936
2020-07-09 10:05:12,047:INFO: - Eval metrics : accuracy: 0.804 ; loss: 0.000
2020-10-03 20:25:30,490:INFO: Loading the datasets...
2020-10-03 20:25:33,934:INFO: - done.
2020-10-03 20:32:00,205:INFO: Experiment - model version: cnn_distill
2020-10-03 20:32:00,205:INFO: Starting training for 30 epoch(s)
2020-10-03 20:32:00,206:INFO: First, loading the teacher model and computing its outputs...
2020-10-03 20:38:24,838:INFO: - Finished computing teacher outputs after 385 secs..
2020-10-03 20:38:24,839:INFO: Epoch 1/30
2020-10-06 13:51:02,735:INFO: Loading the datasets...
2020-10-06 13:51:05,352:INFO: - done.
2020-10-06 13:57:16,807:INFO: Experiment - model version: cnn_distill
2020-10-06 13:57:16,808:INFO: Starting training for 30 epoch(s)
2020-10-06 13:57:16,808:INFO: First, loading the teacher model and computing its outputs...
2020-10-06 14:03:25,811:INFO: - Finished computing teacher outputs after 370 secs..
2020-10-06 14:03:25,812:INFO: KD:Epoch 1/30
2020-10-06 15:08:56,030:INFO: Loading the datasets...
2020-10-06 15:08:58,627:INFO: - done.
2020-10-06 15:15:10,017:INFO: Experiment - model version: cnn_distill
2020-10-06 15:15:10,017:INFO: Starting training for 30 epoch(s)
2020-10-06 15:15:10,017:INFO: First, loading the teacher model and computing its outputs...
2020-10-06 15:21:13,543:INFO: - Finished computing teacher outputs after 364 secs..
2020-10-06 15:21:13,545:INFO: KD:Epoch 1/30
2020-10-06 15:33:54,632:INFO: Loading the datasets...
2020-10-06 15:33:57,222:INFO: - done.
2020-10-06 15:40:02,179:INFO: Experiment - model version: cnn_distill
2020-10-06 15:40:02,179:INFO: Starting training for 30 epoch(s)
2020-10-06 15:40:02,179:INFO: First, loading the teacher model and computing its outputs...
2020-10-06 15:46:06,254:INFO: - Finished computing teacher outputs after 365 secs..
2020-10-06 15:46:06,254:INFO: KD:Epoch 1/30
2020-10-06 15:46:09,494:INFO: - Train metrics: accuracy: 0.385 ; loss: 1.046
2020-10-06 15:46:10,605:INFO: - Eval metrics : accuracy: 0.630 ; loss: 0.000
2020-10-06 15:46:10,618:INFO: - Found new best accuracy
2020-10-06 15:46:10,619:INFO: KD:Epoch 2/30
2020-10-06 15:46:14,580:INFO: - Train metrics: accuracy: 0.605 ; loss: 1.136
2020-10-06 15:46:15,597:INFO: - Eval metrics : accuracy: 0.686 ; loss: 0.000
2020-10-06 15:46:15,617:INFO: - Found new best accuracy
2020-10-06 15:46:15,618:INFO: KD:Epoch 3/30
2020-10-06 15:46:19,945:INFO: - Train metrics: accuracy: 0.656 ; loss: 1.192
2020-10-06 15:46:21,334:INFO: - Eval metrics : accuracy: 0.696 ; loss: 0.000
2020-10-06 15:46:21,354:INFO: - Found new best accuracy
2020-10-06 15:46:21,355:INFO: KD:Epoch 4/30
2020-10-06 15:46:25,425:INFO: - Train metrics: accuracy: 0.660 ; loss: 1.243
2020-10-06 15:46:26,768:INFO: - Eval metrics : accuracy: 0.706 ; loss: 0.000
2020-10-06 15:46:26,789:INFO: - Found new best accuracy
2020-10-06 15:46:26,790:INFO: KD:Epoch 5/30
2020-10-06 15:46:30,921:INFO: - Train metrics: accuracy: 0.689 ; loss: 1.262
2020-10-06 15:46:32,342:INFO: - Eval metrics : accuracy: 0.747 ; loss: 0.000
2020-10-06 15:46:32,363:INFO: - Found new best accuracy
2020-10-06 15:46:32,364:INFO: KD:Epoch 6/30
2020-10-06 15:46:37,182:INFO: - Train metrics: accuracy: 0.740 ; loss: 1.300
2020-10-06 15:46:38,586:INFO: - Eval metrics : accuracy: 0.762 ; loss: 0.000
2020-10-06 15:46:38,604:INFO: - Found new best accuracy
2020-10-06 15:46:38,605:INFO: KD:Epoch 7/30
2020-10-06 15:46:42,044:INFO: - Train metrics: accuracy: 0.756 ; loss: 1.319
2020-10-06 15:46:43,059:INFO: - Eval metrics : accuracy: 0.762 ; loss: 0.000
2020-10-06 15:46:43,071:INFO: - Found new best accuracy
2020-10-06 15:46:43,072:INFO: KD:Epoch 8/30
2020-10-06 15:46:46,677:INFO: - Train metrics: accuracy: 0.742 ; loss: 1.312
2020-10-06 15:46:48,086:INFO: - Eval metrics : accuracy: 0.787 ; loss: 0.000
2020-10-06 15:46:48,119:INFO: - Found new best accuracy
2020-10-06 15:46:48,120:INFO: KD:Epoch 9/30
2020-10-06 15:46:51,657:INFO: - Train metrics: accuracy: 0.746 ; loss: 1.349
2020-10-06 15:46:52,642:INFO: - Eval metrics : accuracy: 0.786 ; loss: 0.000
2020-10-06 15:46:52,650:INFO: KD:Epoch 10/30
2020-10-06 15:46:55,875:INFO: - Train metrics: accuracy: 0.775 ; loss: 1.355
2020-10-06 15:46:57,185:INFO: - Eval metrics : accuracy: 0.783 ; loss: 0.000
2020-10-06 15:46:57,196:INFO: KD:Epoch 11/30
2020-10-06 15:47:00,561:INFO: - Train metrics: accuracy: 0.756 ; loss: 1.348
2020-10-06 15:47:01,912:INFO: - Eval metrics : accuracy: 0.795 ; loss: 0.000
2020-10-06 15:47:01,931:INFO: - Found new best accuracy
2020-10-06 15:47:01,932:INFO: KD:Epoch 12/30
2020-10-06 15:47:05,247:INFO: - Train metrics: accuracy: 0.773 ; loss: 1.406
2020-10-06 15:47:06,413:INFO: - Eval metrics : accuracy: 0.800 ; loss: 0.000
2020-10-06 15:47:06,425:INFO: - Found new best accuracy
2020-10-06 15:47:06,425:INFO: KD:Epoch 13/30
2020-10-06 15:47:09,578:INFO: - Train metrics: accuracy: 0.814 ; loss: 1.365
2020-10-06 15:47:10,855:INFO: - Eval metrics : accuracy: 0.796 ; loss: 0.000
2020-10-06 15:47:10,873:INFO: KD:Epoch 14/30
2020-10-06 15:47:14,932:INFO: - Train metrics: accuracy: 0.795 ; loss: 1.388
2020-10-06 15:47:16,069:INFO: - Eval metrics : accuracy: 0.816 ; loss: 0.000
2020-10-06 15:47:16,086:INFO: - Found new best accuracy
2020-10-06 15:47:16,087:INFO: KD:Epoch 15/30
2020-10-06 15:47:20,988:INFO: - Train metrics: accuracy: 0.797 ; loss: 1.380
2020-10-06 15:47:21,896:INFO: - Eval metrics : accuracy: 0.812 ; loss: 0.000
2020-10-06 15:47:21,908:INFO: KD:Epoch 16/30
2020-10-06 15:47:25,251:INFO: - Train metrics: accuracy: 0.803 ; loss: 1.423
2020-10-06 15:47:26,579:INFO: - Eval metrics : accuracy: 0.810 ; loss: 0.000
2020-10-06 15:47:26,592:INFO: KD:Epoch 17/30
2020-10-06 15:47:30,666:INFO: - Train metrics: accuracy: 0.793 ; loss: 1.434
2020-10-06 15:47:31,939:INFO: - Eval metrics : accuracy: 0.817 ; loss: 0.000
2020-10-06 15:47:31,958:INFO: - Found new best accuracy
2020-10-06 15:47:31,959:INFO: KD:Epoch 18/30
2020-10-06 15:47:35,355:INFO: - Train metrics: accuracy: 0.803 ; loss: 1.407
2020-10-06 15:47:36,711:INFO: - Eval metrics : accuracy: 0.805 ; loss: 0.000
2020-10-06 15:47:36,732:INFO: KD:Epoch 19/30
2020-10-06 15:47:40,453:INFO: - Train metrics: accuracy: 0.836 ; loss: 1.438
2020-10-06 15:47:41,383:INFO: - Eval metrics : accuracy: 0.810 ; loss: 0.000
2020-10-06 15:47:41,395:INFO: KD:Epoch 20/30
2020-10-06 15:47:45,521:INFO: - Train metrics: accuracy: 0.801 ; loss: 1.378
2020-10-06 15:47:46,610:INFO: - Eval metrics : accuracy: 0.824 ; loss: 0.000
2020-10-06 15:47:46,626:INFO: - Found new best accuracy
2020-10-06 15:47:46,626:INFO: KD:Epoch 21/30
2020-10-06 15:47:49,729:INFO: - Train metrics: accuracy: 0.832 ; loss: 1.375
2020-10-06 15:47:50,668:INFO: - Eval metrics : accuracy: 0.818 ; loss: 0.000
2020-10-06 15:47:50,680:INFO: KD:Epoch 22/30
2020-10-06 15:47:53,961:INFO: - Train metrics: accuracy: 0.812 ; loss: 1.449
2020-10-06 15:47:55,230:INFO: - Eval metrics : accuracy: 0.815 ; loss: 0.000
2020-10-06 15:47:55,241:INFO: KD:Epoch 23/30
2020-10-06 15:47:59,017:INFO: - Train metrics: accuracy: 0.832 ; loss: 1.401
2020-10-06 15:48:00,278:INFO: - Eval metrics : accuracy: 0.819 ; loss: 0.000
2020-10-06 15:48:00,291:INFO: KD:Epoch 24/30
2020-10-06 15:48:04,168:INFO: - Train metrics: accuracy: 0.814 ; loss: 1.390
2020-10-06 15:48:05,406:INFO: - Eval metrics : accuracy: 0.823 ; loss: 0.000
2020-10-06 15:48:05,414:INFO: KD:Epoch 25/30
2020-10-06 15:48:09,274:INFO: - Train metrics: accuracy: 0.830 ; loss: 1.499
2020-10-06 15:48:10,582:INFO: - Eval metrics : accuracy: 0.829 ; loss: 0.000
2020-10-06 15:48:10,597:INFO: - Found new best accuracy
2020-10-06 15:48:10,598:INFO: KD:Epoch 26/30
2020-10-06 15:48:15,359:INFO: - Train metrics: accuracy: 0.822 ; loss: 1.455
2020-10-06 15:48:16,301:INFO: - Eval metrics : accuracy: 0.818 ; loss: 0.000
2020-10-06 15:48:16,312:INFO: KD:Epoch 27/30
2020-10-06 15:48:20,446:INFO: - Train metrics: accuracy: 0.814 ; loss: 1.452
2020-10-06 15:48:21,792:INFO: - Eval metrics : accuracy: 0.828 ; loss: 0.000
2020-10-06 15:48:21,805:INFO: KD:Epoch 28/30
2020-10-06 15:48:26,193:INFO: - Train metrics: accuracy: 0.840 ; loss: 1.425
2020-10-06 15:48:27,518:INFO: - Eval metrics : accuracy: 0.825 ; loss: 0.000
2020-10-06 15:48:27,538:INFO: KD:Epoch 29/30
2020-10-06 15:48:32,084:INFO: - Train metrics: accuracy: 0.830 ; loss: 1.506
2020-10-06 15:48:33,021:INFO: - Eval metrics : accuracy: 0.837 ; loss: 0.000
2020-10-06 15:48:33,045:INFO: - Found new best accuracy
2020-10-06 15:48:33,045:INFO: KD:Epoch 30/30
2020-10-06 15:48:37,154:INFO: - Train metrics: accuracy: 0.814 ; loss: 1.515
2020-10-06 15:48:38,441:INFO: - Eval metrics : accuracy: 0.837 ; loss: 0.000
2020-10-06 15:48:38,468:INFO: - Found new best accuracy
2020-10-17 16:44:56,315:INFO: Loading the datasets...
2020-10-17 16:44:58,907:INFO: - done.
2020-10-17 17:19:02,608:INFO: Loading the datasets...
2020-10-17 17:19:05,218:INFO: - done.
2020-10-17 17:23:55,068:INFO: Experiment - model version: cnn_distill
2020-10-17 17:23:55,068:INFO: Starting training for 30 epoch(s)
2020-10-17 17:23:55,069:INFO: First, loading the teacher model and computing its outputs...
2020-10-17 17:30:02,188:INFO: - Finished computing teacher outputs after 368 secs..
2020-10-17 17:30:02,189:INFO: KD:Epoch 1/30
2020-10-17 17:30:06,456:INFO: - Train metrics: accuracy: 0.383 ; loss: 1.045
2020-10-17 17:30:07,492:INFO: - Eval metrics : accuracy: 0.635 ; loss: 0.000
2020-10-17 17:30:07,514:INFO: - Found new best accuracy
2020-10-17 17:30:07,515:INFO: KD:Epoch 2/30
2020-10-17 17:30:12,111:INFO: - Train metrics: accuracy: 0.604 ; loss: 1.117
2020-10-17 17:30:13,347:INFO: - Eval metrics : accuracy: 0.690 ; loss: 0.000
2020-10-17 17:30:13,372:INFO: - Found new best accuracy
2020-10-17 17:30:13,372:INFO: KD:Epoch 3/30
2020-10-17 17:30:16,740:INFO: - Train metrics: accuracy: 0.666 ; loss: 1.210
2020-10-17 17:30:17,863:INFO: - Eval metrics : accuracy: 0.695 ; loss: 0.000
2020-10-17 17:30:17,887:INFO: - Found new best accuracy
2020-10-17 17:30:17,888:INFO: KD:Epoch 4/30
2020-10-17 17:30:22,423:INFO: - Train metrics: accuracy: 0.666 ; loss: 1.263
2020-10-17 17:30:23,839:INFO: - Eval metrics : accuracy: 0.739 ; loss: 0.000
2020-10-17 17:30:23,864:INFO: - Found new best accuracy
2020-10-17 17:30:23,865:INFO: KD:Epoch 5/30
2020-10-17 17:30:27,733:INFO: - Train metrics: accuracy: 0.707 ; loss: 1.253
2020-10-17 17:30:29,499:INFO: - Eval metrics : accuracy: 0.742 ; loss: 0.000
2020-10-17 17:30:29,518:INFO: - Found new best accuracy
2020-10-17 17:30:29,519:INFO: KD:Epoch 6/30
2020-10-17 17:30:34,567:INFO: - Train metrics: accuracy: 0.727 ; loss: 1.286
2020-10-17 17:30:36,132:INFO: - Eval metrics : accuracy: 0.768 ; loss: 0.000
2020-10-17 17:30:36,160:INFO: - Found new best accuracy
2020-10-17 17:30:36,164:INFO: KD:Epoch 7/30
2020-10-17 17:30:40,029:INFO: - Train metrics: accuracy: 0.736 ; loss: 1.316
2020-10-17 17:30:41,116:INFO: - Eval metrics : accuracy: 0.774 ; loss: 0.000
2020-10-17 17:30:41,131:INFO: - Found new best accuracy
2020-10-17 17:30:41,131:INFO: KD:Epoch 8/30
2020-10-17 17:30:44,827:INFO: - Train metrics: accuracy: 0.732 ; loss: 1.298
2020-10-17 17:30:46,279:INFO: - Eval metrics : accuracy: 0.788 ; loss: 0.000
2020-10-17 17:30:46,297:INFO: - Found new best accuracy
2020-10-17 17:30:46,297:INFO: KD:Epoch 9/30
2020-10-17 17:30:50,113:INFO: - Train metrics: accuracy: 0.789 ; loss: 1.334
2020-10-17 17:30:51,590:INFO: - Eval metrics : accuracy: 0.782 ; loss: 0.000
2020-10-17 17:30:51,601:INFO: KD:Epoch 10/30
2020-10-17 17:30:55,237:INFO: - Train metrics: accuracy: 0.740 ; loss: 1.357
2020-10-17 17:30:56,704:INFO: - Eval metrics : accuracy: 0.783 ; loss: 0.000
2020-10-17 17:30:56,725:INFO: KD:Epoch 11/30
2020-10-17 17:31:00,639:INFO: - Train metrics: accuracy: 0.779 ; loss: 1.348
2020-10-17 17:31:02,056:INFO: - Eval metrics : accuracy: 0.796 ; loss: 0.000
2020-10-17 17:31:02,076:INFO: - Found new best accuracy
2020-10-17 17:31:02,078:INFO: KD:Epoch 12/30
2020-10-17 17:31:05,414:INFO: - Train metrics: accuracy: 0.787 ; loss: 1.401
2020-10-17 17:31:06,765:INFO: - Eval metrics : accuracy: 0.803 ; loss: 0.000
2020-10-17 17:31:06,786:INFO: - Found new best accuracy
2020-10-17 17:31:06,787:INFO: KD:Epoch 13/30
2020-10-17 17:31:10,904:INFO: - Train metrics: accuracy: 0.801 ; loss: 1.336
2020-10-17 17:31:12,192:INFO: - Eval metrics : accuracy: 0.793 ; loss: 0.000
2020-10-17 17:31:12,215:INFO: KD:Epoch 14/30
2020-10-17 17:31:16,484:INFO: - Train metrics: accuracy: 0.779 ; loss: 1.367
2020-10-17 17:31:17,754:INFO: - Eval metrics : accuracy: 0.795 ; loss: 0.000
2020-10-17 17:31:17,777:INFO: KD:Epoch 15/30
2020-10-17 17:31:21,844:INFO: - Train metrics: accuracy: 0.783 ; loss: 1.376
2020-10-17 17:31:23,230:INFO: - Eval metrics : accuracy: 0.802 ; loss: 0.000
2020-10-17 17:31:23,244:INFO: KD:Epoch 16/30
2020-10-17 17:31:27,041:INFO: - Train metrics: accuracy: 0.812 ; loss: 1.434
2020-10-17 17:31:28,256:INFO: - Eval metrics : accuracy: 0.810 ; loss: 0.000
2020-10-17 17:31:28,283:INFO: - Found new best accuracy
2020-10-17 17:31:28,284:INFO: KD:Epoch 17/30
2020-10-17 17:31:32,379:INFO: - Train metrics: accuracy: 0.828 ; loss: 1.418
2020-10-17 17:31:33,651:INFO: - Eval metrics : accuracy: 0.810 ; loss: 0.000
2020-10-17 17:31:33,674:INFO: KD:Epoch 18/30
2020-10-17 17:31:37,187:INFO: - Train metrics: accuracy: 0.807 ; loss: 1.375
2020-10-17 17:31:38,481:INFO: - Eval metrics : accuracy: 0.815 ; loss: 0.000
2020-10-17 17:31:38,502:INFO: - Found new best accuracy
2020-10-17 17:31:38,503:INFO: KD:Epoch 19/30
2020-10-17 17:31:42,833:INFO: - Train metrics: accuracy: 0.828 ; loss: 1.417
2020-10-17 17:31:43,833:INFO: - Eval metrics : accuracy: 0.812 ; loss: 0.000
2020-10-17 17:31:43,845:INFO: KD:Epoch 20/30
2020-10-17 17:31:47,862:INFO: - Train metrics: accuracy: 0.826 ; loss: 1.404
2020-10-17 17:31:49,205:INFO: - Eval metrics : accuracy: 0.814 ; loss: 0.000
2020-10-17 17:31:49,218:INFO: KD:Epoch 21/30
2020-10-17 17:31:52,523:INFO: - Train metrics: accuracy: 0.828 ; loss: 1.385
2020-10-17 17:31:53,519:INFO: - Eval metrics : accuracy: 0.822 ; loss: 0.000
2020-10-17 17:31:53,561:INFO: - Found new best accuracy
2020-10-17 17:31:53,563:INFO: KD:Epoch 22/30
2020-10-17 17:31:58,410:INFO: - Train metrics: accuracy: 0.824 ; loss: 1.460
2020-10-17 17:31:59,813:INFO: - Eval metrics : accuracy: 0.818 ; loss: 0.000
2020-10-17 17:31:59,831:INFO: KD:Epoch 23/30
2020-10-17 17:32:03,778:INFO: - Train metrics: accuracy: 0.828 ; loss: 1.401
2020-10-17 17:32:05,086:INFO: - Eval metrics : accuracy: 0.826 ; loss: 0.000
2020-10-17 17:32:05,107:INFO: - Found new best accuracy
2020-10-17 17:32:05,108:INFO: KD:Epoch 24/30
2020-10-17 17:32:08,913:INFO: - Train metrics: accuracy: 0.799 ; loss: 1.416
2020-10-17 17:32:09,920:INFO: - Eval metrics : accuracy: 0.816 ; loss: 0.000
2020-10-17 17:32:09,932:INFO: KD:Epoch 25/30
2020-10-17 17:32:13,912:INFO: - Train metrics: accuracy: 0.824 ; loss: 1.489
2020-10-17 17:32:15,175:INFO: - Eval metrics : accuracy: 0.828 ; loss: 0.000
2020-10-17 17:32:15,196:INFO: - Found new best accuracy
2020-10-17 17:32:15,197:INFO: KD:Epoch 26/30
2020-10-17 17:32:19,504:INFO: - Train metrics: accuracy: 0.848 ; loss: 1.443
2020-10-17 17:32:20,812:INFO: - Eval metrics : accuracy: 0.828 ; loss: 0.000
2020-10-17 17:32:20,830:INFO: - Found new best accuracy
2020-10-17 17:32:20,830:INFO: KD:Epoch 27/30
2020-10-17 17:32:24,280:INFO: - Train metrics: accuracy: 0.836 ; loss: 1.457
2020-10-17 17:32:25,610:INFO: - Eval metrics : accuracy: 0.837 ; loss: 0.000
2020-10-17 17:32:25,629:INFO: - Found new best accuracy
2020-10-17 17:32:25,629:INFO: KD:Epoch 28/30
2020-10-17 17:32:30,158:INFO: - Train metrics: accuracy: 0.826 ; loss: 1.418
2020-10-17 17:32:31,483:INFO: - Eval metrics : accuracy: 0.833 ; loss: 0.000
2020-10-17 17:32:31,498:INFO: KD:Epoch 29/30
2020-10-17 17:32:35,756:INFO: - Train metrics: accuracy: 0.828 ; loss: 1.505
2020-10-17 17:32:36,812:INFO: - Eval metrics : accuracy: 0.829 ; loss: 0.000
2020-10-17 17:32:36,825:INFO: KD:Epoch 30/30
2020-10-17 17:32:40,843:INFO: - Train metrics: accuracy: 0.781 ; loss: 1.534
2020-10-17 17:32:42,186:INFO: - Eval metrics : accuracy: 0.834 ; loss: 0.000
2020-10-17 20:24:34,738:INFO: Loading the datasets...
2020-10-17 20:24:37,350:INFO: - done.
2020-10-17 20:30:51,142:INFO: Experiment - model version: cnn_distill
2020-10-17 20:30:51,142:INFO: Starting training for 50 epoch(s)
2020-10-17 20:30:51,142:INFO: First, loading the teacher model and computing its outputs...
2020-10-17 20:36:55,621:INFO: - Finished computing teacher outputs after 365 secs..
2020-10-17 20:36:55,622:INFO: KD:Epoch 1/50
2020-10-17 20:36:58,997:INFO: - Train metrics: accuracy: 0.344 ; loss: 1.045
2020-10-17 20:37:00,371:INFO: - Eval metrics : accuracy: 0.626 ; loss: 0.000
2020-10-17 20:37:00,401:INFO: - Found new best accuracy
2020-10-17 20:37:00,402:INFO: KD:Epoch 2/50
2020-10-17 20:37:04,803:INFO: - Train metrics: accuracy: 0.611 ; loss: 1.123
2020-10-17 20:37:06,562:INFO: - Eval metrics : accuracy: 0.676 ; loss: 0.000
2020-10-17 20:37:06,582:INFO: - Found new best accuracy
2020-10-17 20:37:06,584:INFO: KD:Epoch 3/50
2020-10-17 20:37:10,746:INFO: - Train metrics: accuracy: 0.648 ; loss: 1.198
2020-10-17 20:37:12,188:INFO: - Eval metrics : accuracy: 0.698 ; loss: 0.000
2020-10-17 20:37:12,205:INFO: - Found new best accuracy
2020-10-17 20:37:12,205:INFO: KD:Epoch 4/50
2020-10-17 20:37:15,250:INFO: - Train metrics: accuracy: 0.662 ; loss: 1.247
2020-10-17 20:37:16,502:INFO: - Eval metrics : accuracy: 0.720 ; loss: 0.000
2020-10-17 20:37:16,515:INFO: - Found new best accuracy
2020-10-17 20:37:16,516:INFO: KD:Epoch 5/50
2020-10-17 20:37:20,556:INFO: - Train metrics: accuracy: 0.695 ; loss: 1.247
2020-10-17 20:37:21,752:INFO: - Eval metrics : accuracy: 0.750 ; loss: 0.000
2020-10-17 20:37:21,771:INFO: - Found new best accuracy
2020-10-17 20:37:21,771:INFO: KD:Epoch 6/50
2020-10-17 20:37:25,451:INFO: - Train metrics: accuracy: 0.727 ; loss: 1.277
2020-10-17 20:37:27,096:INFO: - Eval metrics : accuracy: 0.764 ; loss: 0.000
2020-10-17 20:37:27,114:INFO: - Found new best accuracy
2020-10-17 20:37:27,115:INFO: KD:Epoch 7/50
2020-10-17 20:37:31,426:INFO: - Train metrics: accuracy: 0.732 ; loss: 1.314
2020-10-17 20:37:32,931:INFO: - Eval metrics : accuracy: 0.769 ; loss: 0.000
2020-10-17 20:37:32,958:INFO: - Found new best accuracy
2020-10-17 20:37:32,959:INFO: KD:Epoch 8/50
2020-10-17 20:37:36,752:INFO: - Train metrics: accuracy: 0.730 ; loss: 1.311
2020-10-17 20:37:38,319:INFO: - Eval metrics : accuracy: 0.773 ; loss: 0.000
2020-10-17 20:37:38,356:INFO: - Found new best accuracy
2020-10-17 20:37:38,357:INFO: KD:Epoch 9/50
2020-10-17 20:37:43,471:INFO: - Train metrics: accuracy: 0.742 ; loss: 1.347
2020-10-17 20:37:45,113:INFO: - Eval metrics : accuracy: 0.783 ; loss: 0.000
2020-10-17 20:37:45,135:INFO: - Found new best accuracy
2020-10-17 20:37:45,136:INFO: KD:Epoch 10/50
2020-10-17 20:37:48,472:INFO: - Train metrics: accuracy: 0.738 ; loss: 1.365
2020-10-17 20:37:49,929:INFO: - Eval metrics : accuracy: 0.794 ; loss: 0.000
2020-10-17 20:37:49,943:INFO: - Found new best accuracy
2020-10-17 20:37:49,944:INFO: KD:Epoch 11/50
2020-10-17 20:37:53,780:INFO: - Train metrics: accuracy: 0.758 ; loss: 1.343
2020-10-17 20:37:55,227:INFO: - Eval metrics : accuracy: 0.789 ; loss: 0.000
2020-10-17 20:37:55,248:INFO: KD:Epoch 12/50
2020-10-17 20:37:59,965:INFO: - Train metrics: accuracy: 0.789 ; loss: 1.411
2020-10-17 20:38:01,276:INFO: - Eval metrics : accuracy: 0.800 ; loss: 0.000
2020-10-17 20:38:01,304:INFO: - Found new best accuracy
2020-10-17 20:38:01,306:INFO: KD:Epoch 13/50
2020-10-17 20:38:05,262:INFO: - Train metrics: accuracy: 0.811 ; loss: 1.348
2020-10-17 20:38:06,750:INFO: - Eval metrics : accuracy: 0.802 ; loss: 0.000
2020-10-17 20:38:06,772:INFO: - Found new best accuracy
2020-10-17 20:38:06,773:INFO: KD:Epoch 14/50
2020-10-17 20:38:10,653:INFO: - Train metrics: accuracy: 0.760 ; loss: 1.374
2020-10-17 20:38:12,038:INFO: - Eval metrics : accuracy: 0.809 ; loss: 0.000
2020-10-17 20:38:12,056:INFO: - Found new best accuracy
2020-10-17 20:38:12,057:INFO: KD:Epoch 15/50
2020-10-17 20:38:15,728:INFO: - Train metrics: accuracy: 0.812 ; loss: 1.369
2020-10-17 20:38:17,012:INFO: - Eval metrics : accuracy: 0.807 ; loss: 0.000
2020-10-17 20:38:17,023:INFO: KD:Epoch 16/50
2020-10-17 20:38:20,835:INFO: - Train metrics: accuracy: 0.789 ; loss: 1.423
2020-10-17 20:38:22,168:INFO: - Eval metrics : accuracy: 0.810 ; loss: 0.000
2020-10-17 20:38:22,187:INFO: - Found new best accuracy
2020-10-17 20:38:22,188:INFO: KD:Epoch 17/50
2020-10-17 20:38:25,957:INFO: - Train metrics: accuracy: 0.812 ; loss: 1.423
2020-10-17 20:38:27,117:INFO: - Eval metrics : accuracy: 0.818 ; loss: 0.000
2020-10-17 20:38:27,147:INFO: - Found new best accuracy
2020-10-17 20:38:27,148:INFO: KD:Epoch 18/50
2020-10-17 20:38:30,762:INFO: - Train metrics: accuracy: 0.801 ; loss: 1.404
2020-10-17 20:38:31,997:INFO: - Eval metrics : accuracy: 0.804 ; loss: 0.000
2020-10-17 20:38:32,008:INFO: KD:Epoch 19/50
2020-10-17 20:38:35,973:INFO: - Train metrics: accuracy: 0.852 ; loss: 1.412
2020-10-17 20:38:37,132:INFO: - Eval metrics : accuracy: 0.818 ; loss: 0.000
2020-10-17 20:38:37,147:INFO: KD:Epoch 20/50
2020-10-17 20:38:41,542:INFO: - Train metrics: accuracy: 0.814 ; loss: 1.378
2020-10-17 20:38:42,950:INFO: - Eval metrics : accuracy: 0.806 ; loss: 0.000
2020-10-17 20:38:42,964:INFO: KD:Epoch 21/50
2020-10-17 20:38:46,494:INFO: - Train metrics: accuracy: 0.844 ; loss: 1.372
2020-10-17 20:38:47,917:INFO: - Eval metrics : accuracy: 0.815 ; loss: 0.000
2020-10-17 20:38:47,929:INFO: KD:Epoch 22/50
2020-10-17 20:38:51,720:INFO: - Train metrics: accuracy: 0.799 ; loss: 1.465
2020-10-17 20:38:53,121:INFO: - Eval metrics : accuracy: 0.808 ; loss: 0.000
2020-10-17 20:38:53,140:INFO: KD:Epoch 23/50
2020-10-17 20:38:57,411:INFO: - Train metrics: accuracy: 0.814 ; loss: 1.438
2020-10-17 20:38:58,631:INFO: - Eval metrics : accuracy: 0.828 ; loss: 0.000
2020-10-17 20:38:58,650:INFO: - Found new best accuracy
2020-10-17 20:38:58,651:INFO: KD:Epoch 24/50
2020-10-17 20:39:02,446:INFO: - Train metrics: accuracy: 0.799 ; loss: 1.386
2020-10-17 20:39:03,934:INFO: - Eval metrics : accuracy: 0.824 ; loss: 0.000
2020-10-17 20:39:03,947:INFO: KD:Epoch 25/50
2020-10-17 20:39:07,595:INFO: - Train metrics: accuracy: 0.814 ; loss: 1.460
2020-10-17 20:39:09,078:INFO: - Eval metrics : accuracy: 0.830 ; loss: 0.000
2020-10-17 20:39:09,100:INFO: - Found new best accuracy
2020-10-17 20:39:09,101:INFO: KD:Epoch 26/50
2020-10-17 20:39:13,465:INFO: - Train metrics: accuracy: 0.836 ; loss: 1.444
2020-10-17 20:39:14,625:INFO: - Eval metrics : accuracy: 0.827 ; loss: 0.000
2020-10-17 20:39:14,640:INFO: KD:Epoch 27/50
2020-10-17 20:39:19,012:INFO: - Train metrics: accuracy: 0.820 ; loss: 1.467
2020-10-17 20:39:20,165:INFO: - Eval metrics : accuracy: 0.838 ; loss: 0.000
2020-10-17 20:39:20,184:INFO: - Found new best accuracy
2020-10-17 20:39:20,185:INFO: KD:Epoch 28/50
2020-10-17 20:39:23,447:INFO: - Train metrics: accuracy: 0.820 ; loss: 1.449
2020-10-17 20:39:24,476:INFO: - Eval metrics : accuracy: 0.834 ; loss: 0.000
2020-10-17 20:39:24,487:INFO: KD:Epoch 29/50
2020-10-17 20:39:28,427:INFO: - Train metrics: accuracy: 0.799 ; loss: 1.506
2020-10-17 20:39:29,941:INFO: - Eval metrics : accuracy: 0.832 ; loss: 0.000
2020-10-17 20:39:29,962:INFO: KD:Epoch 30/50
2020-10-17 20:39:34,492:INFO: - Train metrics: accuracy: 0.814 ; loss: 1.524
2020-10-17 20:39:35,967:INFO: - Eval metrics : accuracy: 0.829 ; loss: 0.000
2020-10-17 20:39:35,986:INFO: KD:Epoch 31/50
2020-10-17 20:39:40,145:INFO: - Train metrics: accuracy: 0.844 ; loss: 1.494
2020-10-17 20:39:41,352:INFO: - Eval metrics : accuracy: 0.833 ; loss: 0.000
2020-10-17 20:39:41,368:INFO: KD:Epoch 32/50
2020-10-17 20:39:46,088:INFO: - Train metrics: accuracy: 0.867 ; loss: 1.485
2020-10-17 20:39:47,557:INFO: - Eval metrics : accuracy: 0.837 ; loss: 0.000
2020-10-17 20:39:47,570:INFO: KD:Epoch 33/50
2020-10-17 20:39:52,011:INFO: - Train metrics: accuracy: 0.836 ; loss: 1.446
2020-10-17 20:39:53,330:INFO: - Eval metrics : accuracy: 0.839 ; loss: 0.000
2020-10-17 20:39:53,349:INFO: - Found new best accuracy
2020-10-17 20:39:53,350:INFO: KD:Epoch 34/50
2020-10-17 20:39:57,940:INFO: - Train metrics: accuracy: 0.857 ; loss: 1.493
2020-10-17 20:39:59,213:INFO: - Eval metrics : accuracy: 0.840 ; loss: 0.000
2020-10-17 20:39:59,232:INFO: - Found new best accuracy
2020-10-17 20:39:59,233:INFO: KD:Epoch 35/50
2020-10-17 20:40:02,876:INFO: - Train metrics: accuracy: 0.857 ; loss: 1.518
2020-10-17 20:40:03,961:INFO: - Eval metrics : accuracy: 0.830 ; loss: 0.000
2020-10-17 20:40:03,973:INFO: KD:Epoch 36/50
2020-10-17 20:40:07,399:INFO: - Train metrics: accuracy: 0.846 ; loss: 1.518
2020-10-17 20:40:08,580:INFO: - Eval metrics : accuracy: 0.843 ; loss: 0.000
2020-10-17 20:40:08,600:INFO: - Found new best accuracy
2020-10-17 20:40:08,601:INFO: KD:Epoch 37/50
2020-10-17 20:40:12,614:INFO: - Train metrics: accuracy: 0.869 ; loss: 1.588
2020-10-17 20:40:14,129:INFO: - Eval metrics : accuracy: 0.836 ; loss: 0.000
2020-10-17 20:40:14,142:INFO: KD:Epoch 38/50
2020-10-17 20:40:17,594:INFO: - Train metrics: accuracy: 0.818 ; loss: 1.501
2020-10-17 20:40:18,805:INFO: - Eval metrics : accuracy: 0.837 ; loss: 0.000
2020-10-17 20:40:18,821:INFO: KD:Epoch 39/50
2020-10-17 20:40:22,539:INFO: - Train metrics: accuracy: 0.855 ; loss: 1.519
2020-10-17 20:40:23,781:INFO: - Eval metrics : accuracy: 0.840 ; loss: 0.000
2020-10-17 20:40:23,800:INFO: KD:Epoch 40/50
2020-10-17 20:40:28,267:INFO: - Train metrics: accuracy: 0.852 ; loss: 1.535
2020-10-17 20:40:29,723:INFO: - Eval metrics : accuracy: 0.843 ; loss: 0.000
2020-10-17 20:40:29,740:INFO: - Found new best accuracy
2020-10-17 20:40:29,741:INFO: KD:Epoch 41/50
2020-10-17 20:40:33,361:INFO: - Train metrics: accuracy: 0.838 ; loss: 1.537
2020-10-17 20:40:34,480:INFO: - Eval metrics : accuracy: 0.834 ; loss: 0.000
2020-10-17 20:40:34,491:INFO: KD:Epoch 42/50
2020-10-17 20:40:38,067:INFO: - Train metrics: accuracy: 0.840 ; loss: 1.497
2020-10-17 20:40:39,284:INFO: - Eval metrics : accuracy: 0.838 ; loss: 0.000
2020-10-17 20:40:39,296:INFO: KD:Epoch 43/50
2020-10-17 20:40:43,516:INFO: - Train metrics: accuracy: 0.861 ; loss: 1.526
2020-10-17 20:40:45,067:INFO: - Eval metrics : accuracy: 0.844 ; loss: 0.000
2020-10-17 20:40:45,089:INFO: - Found new best accuracy
2020-10-17 20:40:45,090:INFO: KD:Epoch 44/50
2020-10-17 20:40:48,700:INFO: - Train metrics: accuracy: 0.879 ; loss: 1.550
2020-10-17 20:40:50,259:INFO: - Eval metrics : accuracy: 0.839 ; loss: 0.000
2020-10-17 20:40:50,271:INFO: KD:Epoch 45/50
2020-10-17 20:40:54,033:INFO: - Train metrics: accuracy: 0.869 ; loss: 1.583
2020-10-17 20:40:55,126:INFO: - Eval metrics : accuracy: 0.846 ; loss: 0.000
2020-10-17 20:40:55,143:INFO: - Found new best accuracy
2020-10-17 20:40:55,144:INFO: KD:Epoch 46/50
2020-10-17 20:41:00,398:INFO: - Train metrics: accuracy: 0.854 ; loss: 1.546
2020-10-17 20:41:02,047:INFO: - Eval metrics : accuracy: 0.841 ; loss: 0.000
2020-10-17 20:41:02,060:INFO: KD:Epoch 47/50
2020-10-17 20:41:06,748:INFO: - Train metrics: accuracy: 0.867 ; loss: 1.507
2020-10-17 20:41:08,379:INFO: - Eval metrics : accuracy: 0.850 ; loss: 0.000
2020-10-17 20:41:08,398:INFO: - Found new best accuracy
2020-10-17 20:41:08,399:INFO: KD:Epoch 48/50
2020-10-17 20:41:12,084:INFO: - Train metrics: accuracy: 0.877 ; loss: 1.532
2020-10-17 20:41:13,596:INFO: - Eval metrics : accuracy: 0.838 ; loss: 0.000
2020-10-17 20:41:13,609:INFO: KD:Epoch 49/50
2020-10-17 20:41:18,462:INFO: - Train metrics: accuracy: 0.867 ; loss: 1.596
2020-10-17 20:41:19,618:INFO: - Eval metrics : accuracy: 0.847 ; loss: 0.000
2020-10-17 20:41:19,630:INFO: KD:Epoch 50/50
2020-10-17 20:41:23,181:INFO: - Train metrics: accuracy: 0.838 ; loss: 1.584
2020-10-17 20:41:24,477:INFO: - Eval metrics : accuracy: 0.843 ; loss: 0.000
2020-10-20 13:21:50,624:INFO: Loading the datasets...
2020-10-20 13:21:54,713:INFO: - done.
2020-10-20 13:28:04,251:INFO: Experiment - model version: cnn_distill
2020-10-20 13:28:04,251:INFO: Starting training for 30 epoch(s)
2020-10-20 13:28:04,251:INFO: First, loading the teacher model and computing its outputs...
2020-10-20 13:40:25,674:INFO: - Finished computing teacher outputs after 742 secs..
2020-10-20 13:40:25,675:INFO: KD:Epoch 1/30
2020-10-20 13:41:28,880:INFO: - Train metrics: accuracy: 0.314 ; loss: 1.012
2020-10-20 13:41:33,299:INFO: - Eval metrics : accuracy: 0.516 ; loss: 0.000
2020-10-20 13:41:33,310:INFO: - Found new best accuracy
2020-10-20 13:41:33,311:INFO: KD:Epoch 2/30
2020-10-20 13:42:36,351:INFO: - Train metrics: accuracy: 0.549 ; loss: 0.977
2020-10-20 13:42:40,768:INFO: - Eval metrics : accuracy: 0.591 ; loss: 0.000
2020-10-20 13:42:40,784:INFO: - Found new best accuracy
2020-10-20 13:42:40,784:INFO: KD:Epoch 3/30
2020-10-20 13:43:43,420:INFO: - Train metrics: accuracy: 0.568 ; loss: 0.975
2020-10-20 13:43:47,931:INFO: - Eval metrics : accuracy: 0.670 ; loss: 0.000
2020-10-20 13:43:47,946:INFO: - Found new best accuracy
2020-10-20 13:43:47,947:INFO: KD:Epoch 4/30
2020-10-20 13:44:49,897:INFO: - Train metrics: accuracy: 0.652 ; loss: 0.971
2020-10-20 13:44:54,397:INFO: - Eval metrics : accuracy: 0.678 ; loss: 0.000
2020-10-20 13:44:54,414:INFO: - Found new best accuracy
2020-10-20 13:44:54,415:INFO: KD:Epoch 5/30
2020-10-20 13:45:56,367:INFO: - Train metrics: accuracy: 0.609 ; loss: 0.973
2020-10-20 13:46:00,839:INFO: - Eval metrics : accuracy: 0.707 ; loss: 0.000
2020-10-20 13:46:00,854:INFO: - Found new best accuracy
2020-10-20 13:46:00,855:INFO: KD:Epoch 6/30
2020-10-20 13:47:02,738:INFO: - Train metrics: accuracy: 0.672 ; loss: 0.960
2020-10-20 13:47:07,257:INFO: - Eval metrics : accuracy: 0.704 ; loss: 0.000
2020-10-20 13:47:07,264:INFO: KD:Epoch 7/30
2020-10-20 13:48:09,038:INFO: - Train metrics: accuracy: 0.662 ; loss: 0.964
2020-10-20 13:48:13,510:INFO: - Eval metrics : accuracy: 0.716 ; loss: 0.000
2020-10-20 13:48:13,525:INFO: - Found new best accuracy
2020-10-20 13:48:13,526:INFO: KD:Epoch 8/30
2020-10-20 13:49:15,292:INFO: - Train metrics: accuracy: 0.689 ; loss: 0.961
2020-10-20 13:49:19,915:INFO: - Eval metrics : accuracy: 0.732 ; loss: 0.000
2020-10-20 13:49:19,929:INFO: - Found new best accuracy
2020-10-20 13:49:19,929:INFO: KD:Epoch 9/30
2020-10-20 13:50:21,971:INFO: - Train metrics: accuracy: 0.732 ; loss: 0.960
2020-10-20 13:50:26,460:INFO: - Eval metrics : accuracy: 0.748 ; loss: 0.000
2020-10-20 13:50:26,473:INFO: - Found new best accuracy
2020-10-20 13:50:26,474:INFO: KD:Epoch 10/30
2020-10-20 13:51:28,473:INFO: - Train metrics: accuracy: 0.715 ; loss: 0.963
2020-10-20 13:51:32,981:INFO: - Eval metrics : accuracy: 0.742 ; loss: 0.000
2020-10-20 13:51:32,993:INFO: KD:Epoch 11/30
2020-10-20 13:52:35,381:INFO: - Train metrics: accuracy: 0.723 ; loss: 0.960
2020-10-20 13:52:40,063:INFO: - Eval metrics : accuracy: 0.759 ; loss: 0.000
2020-10-20 13:52:40,080:INFO: - Found new best accuracy
2020-10-20 13:52:40,081:INFO: KD:Epoch 12/30
2020-10-20 13:53:42,487:INFO: - Train metrics: accuracy: 0.740 ; loss: 0.946
2020-10-20 13:53:46,959:INFO: - Eval metrics : accuracy: 0.749 ; loss: 0.000
2020-10-20 13:53:46,968:INFO: KD:Epoch 13/30
2020-10-20 13:54:49,504:INFO: - Train metrics: accuracy: 0.715 ; loss: 0.956
2020-10-20 13:54:54,159:INFO: - Eval metrics : accuracy: 0.759 ; loss: 0.000
2020-10-20 13:54:54,167:INFO: KD:Epoch 14/30
2020-10-20 13:55:56,479:INFO: - Train metrics: accuracy: 0.730 ; loss: 0.952
2020-10-20 13:56:00,913:INFO: - Eval metrics : accuracy: 0.769 ; loss: 0.000
2020-10-20 13:56:00,925:INFO: - Found new best accuracy
2020-10-20 13:56:00,925:INFO: KD:Epoch 15/30
2020-10-20 13:57:03,191:INFO: - Train metrics: accuracy: 0.752 ; loss: 0.947
2020-10-20 13:57:07,645:INFO: - Eval metrics : accuracy: 0.768 ; loss: 0.000
2020-10-20 13:57:07,655:INFO: KD:Epoch 16/30
2020-10-20 13:58:10,018:INFO: - Train metrics: accuracy: 0.727 ; loss: 0.951
2020-10-20 13:58:14,485:INFO: - Eval metrics : accuracy: 0.783 ; loss: 0.000
2020-10-20 13:58:14,497:INFO: - Found new best accuracy
2020-10-20 13:58:14,498:INFO: KD:Epoch 17/30
2020-10-20 13:59:16,608:INFO: - Train metrics: accuracy: 0.754 ; loss: 0.947
2020-10-20 13:59:21,106:INFO: - Eval metrics : accuracy: 0.782 ; loss: 0.000
2020-10-20 13:59:21,116:INFO: KD:Epoch 18/30
2020-10-20 14:00:23,448:INFO: - Train metrics: accuracy: 0.742 ; loss: 0.954
2020-10-20 14:00:27,954:INFO: - Eval metrics : accuracy: 0.766 ; loss: 0.000
2020-10-20 14:00:27,962:INFO: KD:Epoch 19/30
2020-10-20 14:01:30,120:INFO: - Train metrics: accuracy: 0.750 ; loss: 0.953
2020-10-20 14:01:34,576:INFO: - Eval metrics : accuracy: 0.787 ; loss: 0.000
2020-10-20 14:01:34,590:INFO: - Found new best accuracy
2020-10-20 14:01:34,591:INFO: KD:Epoch 20/30
2020-10-20 14:02:36,954:INFO: - Train metrics: accuracy: 0.771 ; loss: 0.951
2020-10-20 14:02:41,437:INFO: - Eval metrics : accuracy: 0.790 ; loss: 0.000
2020-10-20 14:02:41,450:INFO: - Found new best accuracy
2020-10-20 14:02:41,450:INFO: KD:Epoch 21/30
2020-10-20 14:03:43,712:INFO: - Train metrics: accuracy: 0.791 ; loss: 0.933
2020-10-20 14:03:48,157:INFO: - Eval metrics : accuracy: 0.795 ; loss: 0.000
2020-10-20 14:03:48,170:INFO: - Found new best accuracy
2020-10-20 14:03:48,171:INFO: KD:Epoch 22/30
2020-10-20 14:04:50,761:INFO: - Train metrics: accuracy: 0.740 ; loss: 0.955
2020-10-20 14:04:55,260:INFO: - Eval metrics : accuracy: 0.790 ; loss: 0.000
2020-10-20 14:04:55,267:INFO: KD:Epoch 23/30
2020-10-20 14:05:57,524:INFO: - Train metrics: accuracy: 0.775 ; loss: 0.948
2020-10-20 14:06:02,000:INFO: - Eval metrics : accuracy: 0.798 ; loss: 0.000
2020-10-20 14:06:02,013:INFO: - Found new best accuracy
2020-10-20 14:06:02,013:INFO: KD:Epoch 24/30
2020-10-20 14:07:04,202:INFO: - Train metrics: accuracy: 0.729 ; loss: 0.950
2020-10-20 14:07:08,616:INFO: - Eval metrics : accuracy: 0.796 ; loss: 0.000
2020-10-20 14:07:08,624:INFO: KD:Epoch 25/30
2020-10-20 14:08:11,016:INFO: - Train metrics: accuracy: 0.764 ; loss: 0.947
2020-10-20 14:08:15,464:INFO: - Eval metrics : accuracy: 0.804 ; loss: 0.000
2020-10-20 14:08:15,477:INFO: - Found new best accuracy
2020-10-20 14:08:15,477:INFO: KD:Epoch 26/30
2020-10-20 14:09:17,803:INFO: - Train metrics: accuracy: 0.789 ; loss: 0.942
2020-10-20 14:09:22,245:INFO: - Eval metrics : accuracy: 0.799 ; loss: 0.000
2020-10-20 14:09:22,253:INFO: KD:Epoch 27/30
2020-10-20 14:10:24,503:INFO: - Train metrics: accuracy: 0.768 ; loss: 0.942
2020-10-20 14:10:28,941:INFO: - Eval metrics : accuracy: 0.810 ; loss: 0.000
2020-10-20 14:10:28,955:INFO: - Found new best accuracy
2020-10-20 14:10:28,955:INFO: KD:Epoch 28/30
2020-10-20 14:11:31,159:INFO: - Train metrics: accuracy: 0.777 ; loss: 0.942
2020-10-20 14:11:35,621:INFO: - Eval metrics : accuracy: 0.808 ; loss: 0.000
2020-10-20 14:11:35,629:INFO: KD:Epoch 29/30
2020-10-20 14:12:37,806:INFO: - Train metrics: accuracy: 0.783 ; loss: 0.948
2020-10-20 14:12:42,290:INFO: - Eval metrics : accuracy: 0.806 ; loss: 0.000
2020-10-20 14:12:42,298:INFO: KD:Epoch 30/30
2020-10-20 14:13:44,548:INFO: - Train metrics: accuracy: 0.803 ; loss: 0.938
2020-10-20 14:13:49,038:INFO: - Eval metrics : accuracy: 0.803 ; loss: 0.000
2020-10-20 18:16:29,633:INFO: Loading the datasets...
2020-10-20 18:16:31,494:INFO: - done.
2020-10-20 18:22:37,503:INFO: Experiment - model version: cnn_distill
2020-10-20 18:22:37,503:INFO: Starting training for 20 epoch(s)
2020-10-20 18:22:37,503:INFO: First, loading the teacher model and computing its outputs...
2020-10-20 18:22:37,503:INFO: Restoring parameters from experiments/cnn_distill/best.pth.tar
2020-10-20 18:28:35,766:INFO: - Finished computing teacher outputs after 359 secs..
2020-10-20 18:28:35,768:INFO: KD:Epoch 1/20
2020-10-20 18:32:56,937:INFO: Loading the datasets...
2020-10-20 18:32:59,564:INFO: - done.
2020-10-20 18:41:21,895:INFO: Experiment - model version: cnn_distill
2020-10-20 18:41:21,896:INFO: Starting training for 20 epoch(s)
2020-10-20 18:41:21,896:INFO: First, loading the teacher model and computing its outputs...
2020-10-20 18:41:21,896:INFO: Restoring parameters from experiments/cnn_distill/best.pth.tar
2020-10-20 18:49:47,370:INFO: - Finished computing teacher outputs after 506 secs..
2020-10-20 18:49:47,372:INFO: KD:Epoch 1/20
2020-10-20 18:49:51,696:INFO: Loading the datasets...
2020-10-20 18:50:06,658:INFO: Loading the datasets...
2020-10-20 18:50:09,156:INFO: - done.
2020-10-20 18:58:30,837:INFO: Experiment - model version: cnn_distill
2020-10-20 18:58:30,838:INFO: Starting training for 30 epoch(s)
2020-10-20 18:58:30,838:INFO: First, loading the teacher model and computing its outputs...
2020-10-20 18:58:30,838:INFO: Restoring parameters from experiments/cnn_distill/best.pth.tar
2020-10-20 19:07:47,416:INFO: - Finished computing teacher outputs after 557 secs..
2020-10-20 19:07:47,417:INFO: KD:Epoch 1/30
2020-10-20 19:08:37,521:INFO: Loading the datasets...
2020-10-20 19:08:39,521:INFO: - done.
2020-10-20 19:08:56,946:INFO: Loading the datasets...
2020-10-20 19:08:58,984:INFO: - done.
2020-10-20 19:17:30,636:INFO: Loading the datasets...
2020-10-20 19:17:33,596:INFO: - done.
2020-10-20 19:25:39,877:INFO: Experiment - model version: cnn_distill
2020-10-20 19:25:39,877:INFO: Starting training for 10 epoch(s)
2020-10-20 19:25:39,878:INFO: First, loading the teacher model and computing its outputs...
2020-10-20 19:25:39,878:INFO: Restoring parameters from experiments/cnn_distill/best.pth.tar
2020-10-20 19:34:13,350:INFO: - Finished computing teacher outputs after 514 secs..
2020-10-20 19:34:13,351:INFO: KD:Epoch 1/10
2020-10-20 19:37:30,861:INFO: Loading the datasets...
2020-10-20 19:37:33,099:INFO: - done.
2020-10-20 19:45:50,215:INFO: Experiment - model version: cnn_distill
2020-10-20 19:45:50,216:INFO: Starting training for 30 epoch(s)
2020-10-20 19:45:50,216:INFO: First, loading the teacher model and computing its outputs...
2020-10-20 19:54:08,879:INFO: - Finished computing teacher outputs after 499 secs..
2020-10-20 19:54:08,881:INFO: KD:Epoch 1/30
2020-10-20 19:54:15,440:INFO: - Train metrics: accuracy: 0.375 ; loss: 1.039
2020-10-20 19:54:16,592:INFO: - Eval metrics : accuracy: 0.627 ; loss: 0.000
2020-10-20 19:54:16,608:INFO: - Found new best accuracy
2020-10-20 19:54:16,608:INFO: KD:Epoch 2/30
2020-10-20 19:54:22,588:INFO: - Train metrics: accuracy: 0.613 ; loss: 1.129
2020-10-20 19:54:23,903:INFO: - Eval metrics : accuracy: 0.685 ; loss: 0.000
2020-10-20 19:54:23,918:INFO: - Found new best accuracy
2020-10-20 19:54:23,918:INFO: KD:Epoch 3/30
2020-10-20 19:54:30,169:INFO: - Train metrics: accuracy: 0.660 ; loss: 1.177
2020-10-20 19:54:31,432:INFO: - Eval metrics : accuracy: 0.701 ; loss: 0.000
2020-10-20 19:54:31,466:INFO: - Found new best accuracy
2020-10-20 19:54:31,467:INFO: KD:Epoch 4/30
2020-10-20 19:54:38,402:INFO: - Train metrics: accuracy: 0.672 ; loss: 1.242
2020-10-20 19:54:39,680:INFO: - Eval metrics : accuracy: 0.738 ; loss: 0.000
2020-10-20 19:54:39,694:INFO: - Found new best accuracy
2020-10-20 19:54:39,695:INFO: KD:Epoch 5/30
2020-10-20 19:54:47,043:INFO: - Train metrics: accuracy: 0.693 ; loss: 1.245
2020-10-20 19:54:48,565:INFO: - Eval metrics : accuracy: 0.742 ; loss: 0.000
2020-10-20 19:54:48,588:INFO: - Found new best accuracy
2020-10-20 19:54:48,589:INFO: KD:Epoch 6/30
2020-10-20 19:54:56,204:INFO: - Train metrics: accuracy: 0.727 ; loss: 1.268
2020-10-20 19:54:57,714:INFO: - Eval metrics : accuracy: 0.772 ; loss: 0.000
2020-10-20 19:54:57,739:INFO: - Found new best accuracy
2020-10-20 19:54:57,740:INFO: KD:Epoch 7/30
2020-10-20 19:55:04,756:INFO: - Train metrics: accuracy: 0.725 ; loss: 1.313
2020-10-20 19:55:06,035:INFO: - Eval metrics : accuracy: 0.773 ; loss: 0.000
2020-10-20 19:55:06,051:INFO: - Found new best accuracy
2020-10-20 19:55:06,051:INFO: KD:Epoch 8/30
2020-10-20 19:55:13,043:INFO: - Train metrics: accuracy: 0.732 ; loss: 1.294
2020-10-20 19:55:14,598:INFO: - Eval metrics : accuracy: 0.779 ; loss: 0.000
2020-10-20 19:55:14,614:INFO: - Found new best accuracy
2020-10-20 19:55:14,614:INFO: KD:Epoch 9/30
2020-10-20 19:55:21,999:INFO: - Train metrics: accuracy: 0.746 ; loss: 1.346
2020-10-20 19:55:23,545:INFO: - Eval metrics : accuracy: 0.784 ; loss: 0.000
2020-10-20 19:55:23,572:INFO: - Found new best accuracy
2020-10-20 19:55:23,573:INFO: KD:Epoch 10/30
2020-10-20 19:55:31,022:INFO: - Train metrics: accuracy: 0.758 ; loss: 1.333
2020-10-20 19:55:32,476:INFO: - Eval metrics : accuracy: 0.787 ; loss: 0.000
2020-10-20 19:55:32,491:INFO: - Found new best accuracy
2020-10-20 19:55:32,492:INFO: KD:Epoch 11/30
2020-10-20 19:55:39,699:INFO: - Train metrics: accuracy: 0.746 ; loss: 1.328
2020-10-20 19:55:41,099:INFO: - Eval metrics : accuracy: 0.798 ; loss: 0.000
2020-10-20 19:55:41,113:INFO: - Found new best accuracy
2020-10-20 19:55:41,114:INFO: KD:Epoch 12/30
2020-10-20 19:55:47,182:INFO: - Train metrics: accuracy: 0.777 ; loss: 1.401
2020-10-20 19:55:48,356:INFO: - Eval metrics : accuracy: 0.802 ; loss: 0.000
2020-10-20 19:55:48,370:INFO: - Found new best accuracy
2020-10-20 19:55:48,370:INFO: KD:Epoch 13/30
2020-10-20 19:55:54,822:INFO: - Train metrics: accuracy: 0.773 ; loss: 1.325
2020-10-20 19:55:56,024:INFO: - Eval metrics : accuracy: 0.797 ; loss: 0.000
2020-10-20 19:55:56,038:INFO: KD:Epoch 14/30
2020-10-20 19:56:03,035:INFO: - Train metrics: accuracy: 0.746 ; loss: 1.369
2020-10-20 19:56:04,176:INFO: - Eval metrics : accuracy: 0.811 ; loss: 0.000
2020-10-20 19:56:04,191:INFO: - Found new best accuracy
2020-10-20 19:56:04,192:INFO: KD:Epoch 15/30
2020-10-20 19:56:10,904:INFO: - Train metrics: accuracy: 0.793 ; loss: 1.382
2020-10-20 19:56:12,115:INFO: - Eval metrics : accuracy: 0.818 ; loss: 0.000
2020-10-20 19:56:12,141:INFO: - Found new best accuracy
2020-10-20 19:56:12,142:INFO: KD:Epoch 16/30
2020-10-20 19:56:19,685:INFO: - Train metrics: accuracy: 0.775 ; loss: 1.410
2020-10-20 19:56:21,056:INFO: - Eval metrics : accuracy: 0.810 ; loss: 0.000
2020-10-20 19:56:21,068:INFO: KD:Epoch 17/30
2020-10-20 19:56:28,347:INFO: - Train metrics: accuracy: 0.791 ; loss: 1.406
2020-10-20 19:56:29,824:INFO: - Eval metrics : accuracy: 0.823 ; loss: 0.000
2020-10-20 19:56:29,854:INFO: - Found new best accuracy
2020-10-20 19:56:29,855:INFO: KD:Epoch 18/30
2020-10-20 19:56:37,092:INFO: - Train metrics: accuracy: 0.828 ; loss: 1.391
2020-10-20 19:56:38,577:INFO: - Eval metrics : accuracy: 0.819 ; loss: 0.000
2020-10-20 19:56:38,593:INFO: KD:Epoch 19/30
2020-10-20 19:56:46,006:INFO: - Train metrics: accuracy: 0.811 ; loss: 1.437
2020-10-20 19:56:47,392:INFO: - Eval metrics : accuracy: 0.816 ; loss: 0.000
2020-10-20 19:56:47,403:INFO: KD:Epoch 20/30
2020-10-20 19:56:54,514:INFO: - Train metrics: accuracy: 0.809 ; loss: 1.359
2020-10-20 19:56:55,951:INFO: - Eval metrics : accuracy: 0.816 ; loss: 0.000
2020-10-20 19:56:55,967:INFO: KD:Epoch 21/30
2020-10-20 19:57:03,380:INFO: - Train metrics: accuracy: 0.840 ; loss: 1.357
2020-10-20 19:57:04,861:INFO: - Eval metrics : accuracy: 0.824 ; loss: 0.000
2020-10-20 19:57:04,892:INFO: - Found new best accuracy
2020-10-20 19:57:04,893:INFO: KD:Epoch 22/30
2020-10-20 19:57:11,898:INFO: - Train metrics: accuracy: 0.824 ; loss: 1.424
2020-10-20 19:57:13,167:INFO: - Eval metrics : accuracy: 0.819 ; loss: 0.000
2020-10-20 19:57:13,176:INFO: KD:Epoch 23/30
2020-10-20 19:57:19,611:INFO: - Train metrics: accuracy: 0.824 ; loss: 1.397
2020-10-20 19:57:20,809:INFO: - Eval metrics : accuracy: 0.824 ; loss: 0.000
2020-10-20 19:57:20,818:INFO: KD:Epoch 24/30
2020-10-20 19:57:26,737:INFO: - Train metrics: accuracy: 0.822 ; loss: 1.378
2020-10-20 19:57:27,894:INFO: - Eval metrics : accuracy: 0.821 ; loss: 0.000
2020-10-20 19:57:27,908:INFO: KD:Epoch 25/30
2020-10-20 19:57:35,540:INFO: - Train metrics: accuracy: 0.832 ; loss: 1.463
2020-10-20 19:57:36,952:INFO: - Eval metrics : accuracy: 0.836 ; loss: 0.000
2020-10-20 19:57:36,966:INFO: - Found new best accuracy
2020-10-20 19:57:36,967:INFO: KD:Epoch 26/30
2020-10-20 19:57:43,524:INFO: - Train metrics: accuracy: 0.805 ; loss: 1.435
2020-10-20 19:57:44,902:INFO: - Eval metrics : accuracy: 0.830 ; loss: 0.000
2020-10-20 19:57:44,922:INFO: KD:Epoch 27/30
2020-10-20 19:57:52,004:INFO: - Train metrics: accuracy: 0.838 ; loss: 1.447
2020-10-20 19:57:53,278:INFO: - Eval metrics : accuracy: 0.830 ; loss: 0.000
2020-10-20 19:57:53,287:INFO: KD:Epoch 28/30
2020-10-20 19:57:59,758:INFO: - Train metrics: accuracy: 0.834 ; loss: 1.424
2020-10-20 19:58:00,936:INFO: - Eval metrics : accuracy: 0.824 ; loss: 0.000
2020-10-20 19:58:00,946:INFO: KD:Epoch 29/30
2020-10-20 19:58:07,156:INFO: - Train metrics: accuracy: 0.811 ; loss: 1.473
2020-10-20 19:58:08,309:INFO: - Eval metrics : accuracy: 0.839 ; loss: 0.000
2020-10-20 19:58:08,324:INFO: - Found new best accuracy
2020-10-20 19:58:08,325:INFO: KD:Epoch 30/30
2020-10-20 19:58:14,230:INFO: - Train metrics: accuracy: 0.830 ; loss: 1.496
2020-10-20 19:58:15,435:INFO: - Eval metrics : accuracy: 0.834 ; loss: 0.000
2020-10-20 20:41:45,457:INFO: Loading the datasets...
2020-10-20 20:41:47,342:INFO: - done.
2020-10-20 20:48:03,537:INFO: Experiment - model version: cnn_distill
2020-10-20 20:48:03,537:INFO: Starting training for 10 epoch(s)
2020-10-20 20:48:03,538:INFO: First, loading the teacher model and computing its outputs...
2020-10-20 20:48:03,538:INFO: Restoring parameters from experiments/cnn_distill/best.pth.tar
2020-10-20 20:54:24,741:INFO: - Finished computing teacher outputs after 381 secs..
2020-10-20 20:54:24,742:INFO: KD:Epoch 1/10
2020-10-20 20:54:25,543:INFO: - Train metrics: accuracy: 0.750 ; loss: 1.370
2020-10-20 20:54:27,973:INFO: - Eval metrics : accuracy: 0.813 ; loss: 0.000
2020-10-20 20:54:27,986:INFO: - Found new best accuracy
2020-10-20 20:54:27,987:INFO: KD:Epoch 2/10
2020-10-20 20:54:28,742:INFO: - Train metrics: accuracy: 0.938 ; loss: 1.373
2020-10-20 20:54:31,101:INFO: - Eval metrics : accuracy: 0.796 ; loss: 0.000
2020-10-20 20:54:31,109:INFO: KD:Epoch 3/10
2020-10-20 20:54:31,886:INFO: - Train metrics: accuracy: 0.781 ; loss: 1.453
2020-10-20 20:54:34,508:INFO: - Eval metrics : accuracy: 0.780 ; loss: 0.000
2020-10-20 20:54:34,516:INFO: KD:Epoch 4/10
2020-10-20 20:54:35,274:INFO: - Train metrics: accuracy: 0.969 ; loss: 1.350
2020-10-20 20:54:37,637:INFO: - Eval metrics : accuracy: 0.740 ; loss: 0.000
2020-10-20 20:54:37,646:INFO: KD:Epoch 5/10
2020-10-20 20:54:38,388:INFO: - Train metrics: accuracy: 0.750 ; loss: 1.378
2020-10-20 20:54:40,740:INFO: - Eval metrics : accuracy: 0.726 ; loss: 0.000
2020-10-20 20:54:40,749:INFO: KD:Epoch 6/10
2020-10-20 20:54:41,536:INFO: - Train metrics: accuracy: 0.906 ; loss: 1.234
2020-10-20 20:54:43,888:INFO: - Eval metrics : accuracy: 0.744 ; loss: 0.000
2020-10-20 20:54:43,896:INFO: KD:Epoch 7/10
2020-10-20 20:54:44,672:INFO: - Train metrics: accuracy: 0.938 ; loss: 1.151
2020-10-20 20:54:47,061:INFO: - Eval metrics : accuracy: 0.750 ; loss: 0.000
2020-10-20 20:54:47,069:INFO: KD:Epoch 8/10
2020-10-20 20:54:47,839:INFO: - Train metrics: accuracy: 0.938 ; loss: 1.206
2020-10-20 20:54:50,417:INFO: - Eval metrics : accuracy: 0.742 ; loss: 0.000
2020-10-20 20:54:50,425:INFO: KD:Epoch 9/10
2020-10-20 20:54:51,177:INFO: - Train metrics: accuracy: 0.906 ; loss: 1.242
2020-10-20 20:54:53,524:INFO: - Eval metrics : accuracy: 0.706 ; loss: 0.000
2020-10-20 20:54:53,532:INFO: KD:Epoch 10/10
2020-10-20 20:54:54,297:INFO: - Train metrics: accuracy: 0.938 ; loss: 1.295
2020-10-20 20:54:56,707:INFO: - Eval metrics : accuracy: 0.718 ; loss: 0.000
2020-10-20 20:54:56,716:INFO: ~~~~~~~~~~~~~~~~~~
2020-10-20 20:54:56,716:INFO: 791.2656600475311[sec]
2020-10-20 22:44:30,257:INFO: Loading the datasets...
2020-10-20 22:44:32,230:INFO: - done.
2020-10-20 22:51:05,226:INFO: Experiment - model version: cnn_distill
2020-10-20 22:51:05,226:INFO: Starting training for 10 epoch(s)
2020-10-20 22:51:05,226:INFO: First, loading the teacher model and computing its outputs...
2020-10-20 22:51:05,226:INFO: Restoring parameters from experiments/cnn_distill/best.pth.tar
2020-10-20 22:57:25,819:INFO: - Finished computing teacher outputs after 380 secs..
2020-10-20 22:57:25,820:INFO: KD:Epoch 1/10
2020-10-20 22:57:26,744:INFO: - Train metrics: accuracy: 0.875 ; loss: 1.293
2020-10-20 22:57:29,097:INFO: - Eval metrics : accuracy: 0.797 ; loss: 0.000
2020-10-20 22:57:29,110:INFO: - Found new best accuracy
2020-10-20 22:57:29,111:INFO: KD:Epoch 2/10
2020-10-20 22:57:29,847:INFO: - Train metrics: accuracy: 0.906 ; loss: 1.420
2020-10-20 22:57:32,199:INFO: - Eval metrics : accuracy: 0.790 ; loss: 0.000
2020-10-20 22:57:32,207:INFO: KD:Epoch 3/10
2020-10-20 22:57:32,934:INFO: - Train metrics: accuracy: 0.812 ; loss: 1.506
2020-10-20 22:57:35,306:INFO: - Eval metrics : accuracy: 0.752 ; loss: 0.000
2020-10-20 22:57:35,317:INFO: KD:Epoch 4/10
2020-10-20 22:57:36,272:INFO: - Train metrics: accuracy: 0.781 ; loss: 1.390
2020-10-20 22:57:38,610:INFO: - Eval metrics : accuracy: 0.755 ; loss: 0.000
2020-10-20 22:57:38,617:INFO: KD:Epoch 5/10
2020-10-20 22:57:39,366:INFO: - Train metrics: accuracy: 0.875 ; loss: 1.439
2020-10-20 22:57:41,722:INFO: - Eval metrics : accuracy: 0.723 ; loss: 0.000
2020-10-20 22:57:41,730:INFO: KD:Epoch 6/10
2020-10-20 22:57:42,494:INFO: - Train metrics: accuracy: 0.938 ; loss: 1.258
2020-10-20 22:57:44,918:INFO: - Eval metrics : accuracy: 0.728 ; loss: 0.000
2020-10-20 22:57:44,926:INFO: KD:Epoch 7/10
2020-10-20 22:57:45,625:INFO: - Train metrics: accuracy: 0.906 ; loss: 1.215
2020-10-20 22:57:47,996:INFO: - Eval metrics : accuracy: 0.753 ; loss: 0.000
2020-10-20 22:57:48,006:INFO: KD:Epoch 8/10
2020-10-20 22:57:48,733:INFO: - Train metrics: accuracy: 0.906 ; loss: 1.243
2020-10-20 22:57:51,192:INFO: - Eval metrics : accuracy: 0.759 ; loss: 0.000
2020-10-20 22:57:51,200:INFO: KD:Epoch 9/10
2020-10-20 22:57:51,944:INFO: - Train metrics: accuracy: 0.906 ; loss: 1.209
2020-10-20 22:57:54,353:INFO: - Eval metrics : accuracy: 0.767 ; loss: 0.000
2020-10-20 22:57:54,361:INFO: KD:Epoch 10/10
2020-10-20 22:57:55,107:INFO: - Train metrics: accuracy: 0.875 ; loss: 1.190
2020-10-20 22:57:57,969:INFO: - Eval metrics : accuracy: 0.771 ; loss: 0.000
2020-10-20 22:57:57,978:INFO: ~~~~~~~~~~~~~~~~~~
2020-10-20 22:57:57,978:INFO: 807.7279331684113[sec]
2020-10-20 23:07:57,741:INFO: Loading the datasets...
2020-10-20 23:07:59,317:INFO: - done.
2020-10-20 23:10:44,210:INFO: Loading the datasets...
2020-10-20 23:10:45,598:INFO: - done.
2020-10-20 23:16:22,060:INFO: Experiment - model version: cnn_distill
2020-10-20 23:16:22,061:INFO: Starting training for 30 epoch(s)
2020-10-20 23:16:22,061:INFO: First, loading the teacher model and computing its outputs...
2020-10-20 23:28:55,166:INFO: - Finished computing teacher outputs after 754 secs..
2020-10-20 23:28:55,167:INFO: KD:Epoch 1/30
2020-10-20 23:29:59,851:INFO: - Train metrics: accuracy: 0.314 ; loss: 1.008
2020-10-20 23:30:04,333:INFO: - Eval metrics : accuracy: 0.531 ; loss: 0.000
2020-10-20 23:30:04,348:INFO: - Found new best accuracy
2020-10-20 23:30:04,349:INFO: KD:Epoch 2/30
2020-10-20 23:31:09,092:INFO: - Train metrics: accuracy: 0.541 ; loss: 0.972
2020-10-20 23:31:13,490:INFO: - Eval metrics : accuracy: 0.607 ; loss: 0.000
2020-10-20 23:31:13,503:INFO: - Found new best accuracy
2020-10-20 23:31:13,504:INFO: KD:Epoch 3/30
2020-10-20 23:32:18,694:INFO: - Train metrics: accuracy: 0.596 ; loss: 0.968
2020-10-20 23:32:23,148:INFO: - Eval metrics : accuracy: 0.651 ; loss: 0.000
2020-10-20 23:32:23,160:INFO: - Found new best accuracy
2020-10-20 23:32:23,161:INFO: KD:Epoch 4/30
2020-10-20 23:33:27,872:INFO: - Train metrics: accuracy: 0.617 ; loss: 0.967
2020-10-20 23:33:32,254:INFO: - Eval metrics : accuracy: 0.661 ; loss: 0.000
2020-10-20 23:33:32,270:INFO: - Found new best accuracy
2020-10-20 23:33:32,271:INFO: KD:Epoch 5/30
2020-10-20 23:34:37,401:INFO: - Train metrics: accuracy: 0.605 ; loss: 0.963
2020-10-20 23:34:41,826:INFO: - Eval metrics : accuracy: 0.698 ; loss: 0.000
2020-10-20 23:34:41,838:INFO: - Found new best accuracy
2020-10-20 23:34:41,839:INFO: KD:Epoch 6/30
2020-10-20 23:35:47,219:INFO: - Train metrics: accuracy: 0.672 ; loss: 0.952
2020-10-20 23:35:51,678:INFO: - Eval metrics : accuracy: 0.705 ; loss: 0.000
2020-10-20 23:35:51,691:INFO: - Found new best accuracy
2020-10-20 23:35:51,691:INFO: KD:Epoch 7/30
2020-10-20 23:36:56,649:INFO: - Train metrics: accuracy: 0.680 ; loss: 0.956
2020-10-20 23:37:01,067:INFO: - Eval metrics : accuracy: 0.715 ; loss: 0.000
2020-10-20 23:37:01,079:INFO: - Found new best accuracy
2020-10-20 23:37:01,080:INFO: KD:Epoch 8/30
2020-10-20 23:38:06,732:INFO: - Train metrics: accuracy: 0.674 ; loss: 0.956
2020-10-20 23:38:11,439:INFO: - Eval metrics : accuracy: 0.734 ; loss: 0.000
2020-10-20 23:38:11,454:INFO: - Found new best accuracy
2020-10-20 23:38:11,455:INFO: KD:Epoch 9/30
2020-10-20 23:39:16,706:INFO: - Train metrics: accuracy: 0.721 ; loss: 0.953
2020-10-20 23:39:21,273:INFO: - Eval metrics : accuracy: 0.753 ; loss: 0.000
2020-10-20 23:39:21,288:INFO: - Found new best accuracy
2020-10-20 23:39:21,288:INFO: KD:Epoch 10/30
2020-10-20 23:40:26,005:INFO: - Train metrics: accuracy: 0.705 ; loss: 0.952
2020-10-20 23:40:30,535:INFO: - Eval metrics : accuracy: 0.741 ; loss: 0.000
2020-10-20 23:40:30,543:INFO: KD:Epoch 11/30
2020-10-20 23:41:35,705:INFO: - Train metrics: accuracy: 0.729 ; loss: 0.949
2020-10-20 23:41:40,201:INFO: - Eval metrics : accuracy: 0.748 ; loss: 0.000
2020-10-20 23:41:40,210:INFO: KD:Epoch 12/30
2020-10-20 23:42:45,474:INFO: - Train metrics: accuracy: 0.713 ; loss: 0.939
2020-10-20 23:42:50,089:INFO: - Eval metrics : accuracy: 0.760 ; loss: 0.000
2020-10-20 23:42:50,102:INFO: - Found new best accuracy
2020-10-20 23:42:50,102:INFO: KD:Epoch 13/30
2020-10-20 23:43:56,018:INFO: - Train metrics: accuracy: 0.727 ; loss: 0.952
2020-10-20 23:44:00,587:INFO: - Eval metrics : accuracy: 0.761 ; loss: 0.000
2020-10-20 23:44:00,600:INFO: - Found new best accuracy
2020-10-20 23:44:00,600:INFO: KD:Epoch 14/30
2020-10-20 23:45:05,586:INFO: - Train metrics: accuracy: 0.764 ; loss: 0.939
2020-10-20 23:45:10,144:INFO: - Eval metrics : accuracy: 0.774 ; loss: 0.000
2020-10-20 23:45:10,157:INFO: - Found new best accuracy
2020-10-20 23:45:10,158:INFO: KD:Epoch 15/30
2020-10-20 23:46:15,818:INFO: - Train metrics: accuracy: 0.754 ; loss: 0.936
2020-10-20 23:46:20,197:INFO: - Eval metrics : accuracy: 0.776 ; loss: 0.000
2020-10-20 23:46:20,214:INFO: - Found new best accuracy
2020-10-20 23:46:20,214:INFO: KD:Epoch 16/30
2020-10-20 23:47:25,380:INFO: - Train metrics: accuracy: 0.754 ; loss: 0.945
2020-10-20 23:47:29,757:INFO: - Eval metrics : accuracy: 0.764 ; loss: 0.000
2020-10-20 23:47:29,765:INFO: KD:Epoch 17/30
2020-10-20 23:48:34,853:INFO: - Train metrics: accuracy: 0.750 ; loss: 0.936
2020-10-20 23:48:39,269:INFO: - Eval metrics : accuracy: 0.780 ; loss: 0.000
2020-10-20 23:48:39,281:INFO: - Found new best accuracy
2020-10-20 23:48:39,281:INFO: KD:Epoch 18/30
2020-10-20 23:49:44,179:INFO: - Train metrics: accuracy: 0.740 ; loss: 0.942
2020-10-20 23:49:48,548:INFO: - Eval metrics : accuracy: 0.778 ; loss: 0.000
2020-10-20 23:49:48,555:INFO: KD:Epoch 19/30
2020-10-20 23:50:53,450:INFO: - Train metrics: accuracy: 0.725 ; loss: 0.949
2020-10-20 23:50:57,853:INFO: - Eval metrics : accuracy: 0.770 ; loss: 0.000
2020-10-20 23:50:57,863:INFO: KD:Epoch 20/30
2020-10-20 23:52:02,988:INFO: - Train metrics: accuracy: 0.762 ; loss: 0.942
2020-10-20 23:52:07,367:INFO: - Eval metrics : accuracy: 0.795 ; loss: 0.000
2020-10-20 23:52:07,384:INFO: - Found new best accuracy
2020-10-20 23:52:07,384:INFO: KD:Epoch 21/30
2020-10-20 23:53:12,890:INFO: - Train metrics: accuracy: 0.814 ; loss: 0.918
2020-10-20 23:53:17,277:INFO: - Eval metrics : accuracy: 0.791 ; loss: 0.000
2020-10-20 23:53:17,286:INFO: KD:Epoch 22/30
2020-10-20 23:54:22,896:INFO: - Train metrics: accuracy: 0.760 ; loss: 0.945
2020-10-20 23:54:27,256:INFO: - Eval metrics : accuracy: 0.795 ; loss: 0.000
2020-10-20 23:54:27,264:INFO: KD:Epoch 23/30
2020-10-20 23:55:32,745:INFO: - Train metrics: accuracy: 0.781 ; loss: 0.943
2020-10-20 23:55:37,093:INFO: - Eval metrics : accuracy: 0.796 ; loss: 0.000
2020-10-20 23:55:37,106:INFO: - Found new best accuracy
2020-10-20 23:55:37,106:INFO: KD:Epoch 24/30
2020-10-20 23:56:42,315:INFO: - Train metrics: accuracy: 0.754 ; loss: 0.945
2020-10-20 23:56:46,755:INFO: - Eval metrics : accuracy: 0.797 ; loss: 0.000
2020-10-20 23:56:46,772:INFO: - Found new best accuracy
2020-10-20 23:56:46,773:INFO: KD:Epoch 25/30
2020-10-20 23:57:52,042:INFO: - Train metrics: accuracy: 0.775 ; loss: 0.941
2020-10-20 23:57:56,425:INFO: - Eval metrics : accuracy: 0.799 ; loss: 0.000
2020-10-20 23:57:56,438:INFO: - Found new best accuracy
2020-10-20 23:57:56,439:INFO: KD:Epoch 26/30
2020-10-20 23:59:01,623:INFO: - Train metrics: accuracy: 0.791 ; loss: 0.933
2020-10-20 23:59:06,043:INFO: - Eval metrics : accuracy: 0.806 ; loss: 0.000
2020-10-20 23:59:06,056:INFO: - Found new best accuracy
2020-10-20 23:59:06,057:INFO: KD:Epoch 27/30
2020-10-21 00:00:12,283:INFO: - Train metrics: accuracy: 0.777 ; loss: 0.936
2020-10-21 00:00:16,804:INFO: - Eval metrics : accuracy: 0.803 ; loss: 0.000
2020-10-21 00:00:16,813:INFO: KD:Epoch 28/30
2020-10-21 00:01:22,061:INFO: - Train metrics: accuracy: 0.812 ; loss: 0.935
2020-10-21 00:01:26,494:INFO: - Eval metrics : accuracy: 0.801 ; loss: 0.000
2020-10-21 00:01:26,506:INFO: KD:Epoch 29/30
2020-10-21 00:02:31,311:INFO: - Train metrics: accuracy: 0.787 ; loss: 0.935
2020-10-21 00:02:35,693:INFO: - Eval metrics : accuracy: 0.798 ; loss: 0.000
2020-10-21 00:02:35,701:INFO: KD:Epoch 30/30
2020-10-21 00:03:41,038:INFO: - Train metrics: accuracy: 0.793 ; loss: 0.932
2020-10-21 00:03:45,431:INFO: - Eval metrics : accuracy: 0.798 ; loss: 0.000
2020-10-21 00:03:45,442:INFO: ~~~~~~~~~~~~~~~~~~
2020-10-21 00:03:45,442:INFO: 3181.2386577129364[sec]
2020-10-21 00:57:29,791:INFO: Loading the datasets...
2020-10-21 00:57:31,910:INFO: - done.
2020-10-21 01:04:23,752:INFO: student_model_load_time: 411.8417921066284
2020-10-21 01:04:25,232:INFO: teacher_model_load_time: 1.0456912517547607
2020-10-21 01:04:25,232:INFO: Experiment - model version: cnn_distill
2020-10-21 01:04:25,232:INFO: Starting training for 30 epoch(s)
2020-10-21 01:04:25,232:INFO: First, loading the teacher model and computing its outputs...
2020-10-21 01:04:25,232:INFO: restore_load_time: 4.291534423828125e-06
2020-10-21 01:10:47,938:INFO: - Finished computing teacher outputs after 383 secs..
2020-10-21 01:10:47,940:INFO: KD:Epoch 1/30
2020-10-21 01:10:48,793:INFO: - Train metrics: accuracy: 0.133 ; loss: 1.003
2020-10-21 01:10:50,015:INFO: - Eval metrics : accuracy: 0.147 ; loss: 0.000
2020-10-21 01:10:50,029:INFO: - Found new best accuracy
2020-10-21 01:10:50,030:INFO: KD:Epoch 2/30
2020-10-21 01:10:50,877:INFO: - Train metrics: accuracy: 0.242 ; loss: 0.993
2020-10-21 01:10:52,056:INFO: - Eval metrics : accuracy: 0.101 ; loss: 0.000
2020-10-21 01:10:52,065:INFO: KD:Epoch 3/30
2020-10-21 01:10:52,902:INFO: - Train metrics: accuracy: 0.281 ; loss: 0.991
2020-10-21 01:10:54,125:INFO: - Eval metrics : accuracy: 0.137 ; loss: 0.000
2020-10-21 01:10:54,134:INFO: KD:Epoch 4/30
2020-10-21 01:10:54,969:INFO: - Train metrics: accuracy: 0.320 ; loss: 0.981
2020-10-21 01:10:56,232:INFO: - Eval metrics : accuracy: 0.103 ; loss: 0.000
2020-10-21 01:10:56,241:INFO: KD:Epoch 5/30
2020-10-21 01:10:57,056:INFO: - Train metrics: accuracy: 0.305 ; loss: 0.984
2020-10-21 01:10:58,306:INFO: - Eval metrics : accuracy: 0.100 ; loss: 0.000
2020-10-21 01:10:58,315:INFO: KD:Epoch 6/30
2020-10-21 01:10:59,113:INFO: - Train metrics: accuracy: 0.383 ; loss: 0.964
2020-10-21 01:11:00,381:INFO: - Eval metrics : accuracy: 0.100 ; loss: 0.000
2020-10-21 01:11:00,391:INFO: KD:Epoch 7/30
2020-10-21 01:11:01,237:INFO: - Train metrics: accuracy: 0.328 ; loss: 0.973
2020-10-21 01:11:02,448:INFO: - Eval metrics : accuracy: 0.102 ; loss: 0.000
2020-10-21 01:11:02,457:INFO: KD:Epoch 8/30
2020-10-21 01:11:03,256:INFO: - Train metrics: accuracy: 0.359 ; loss: 0.963
2020-10-21 01:11:04,440:INFO: - Eval metrics : accuracy: 0.107 ; loss: 0.000
2020-10-21 01:11:04,449:INFO: KD:Epoch 9/30
2020-10-21 01:11:05,257:INFO: - Train metrics: accuracy: 0.445 ; loss: 0.966
2020-10-21 01:11:06,453:INFO: - Eval metrics : accuracy: 0.117 ; loss: 0.000
2020-10-21 01:11:06,461:INFO: KD:Epoch 10/30
2020-10-21 01:11:07,290:INFO: - Train metrics: accuracy: 0.461 ; loss: 0.968
2020-10-21 01:11:08,480:INFO: - Eval metrics : accuracy: 0.128 ; loss: 0.000
2020-10-21 01:11:08,491:INFO: KD:Epoch 11/30
2020-10-21 01:11:09,512:INFO: - Train metrics: accuracy: 0.516 ; loss: 0.961
2020-10-21 01:11:10,839:INFO: - Eval metrics : accuracy: 0.134 ; loss: 0.000
2020-10-21 01:11:10,847:INFO: KD:Epoch 12/30
2020-10-21 01:11:11,944:INFO: - Train metrics: accuracy: 0.516 ; loss: 0.958
2020-10-21 01:11:13,186:INFO: - Eval metrics : accuracy: 0.145 ; loss: 0.000
2020-10-21 01:11:13,195:INFO: KD:Epoch 13/30
2020-10-21 01:11:13,999:INFO: - Train metrics: accuracy: 0.477 ; loss: 0.967
2020-10-21 01:11:15,243:INFO: - Eval metrics : accuracy: 0.160 ; loss: 0.000
2020-10-21 01:11:15,257:INFO: - Found new best accuracy
2020-10-21 01:11:15,257:INFO: KD:Epoch 14/30
2020-10-21 01:11:16,077:INFO: - Train metrics: accuracy: 0.562 ; loss: 0.944
2020-10-21 01:11:17,305:INFO: - Eval metrics : accuracy: 0.186 ; loss: 0.000
2020-10-21 01:11:17,318:INFO: - Found new best accuracy
2020-10-21 01:11:17,319:INFO: KD:Epoch 15/30
2020-10-21 01:11:18,122:INFO: - Train metrics: accuracy: 0.461 ; loss: 0.960
2020-10-21 01:11:19,453:INFO: - Eval metrics : accuracy: 0.212 ; loss: 0.000
2020-10-21 01:11:19,470:INFO: - Found new best accuracy
2020-10-21 01:11:19,470:INFO: KD:Epoch 16/30
2020-10-21 01:11:20,420:INFO: - Train metrics: accuracy: 0.508 ; loss: 0.962
2020-10-21 01:11:21,849:INFO: - Eval metrics : accuracy: 0.236 ; loss: 0.000
2020-10-21 01:11:21,862:INFO: - Found new best accuracy
2020-10-21 01:11:21,863:INFO: KD:Epoch 17/30
2020-10-21 01:11:22,741:INFO: - Train metrics: accuracy: 0.523 ; loss: 0.949
2020-10-21 01:11:24,183:INFO: - Eval metrics : accuracy: 0.257 ; loss: 0.000
2020-10-21 01:11:24,201:INFO: - Found new best accuracy
2020-10-21 01:11:24,201:INFO: KD:Epoch 18/30
2020-10-21 01:11:25,204:INFO: - Train metrics: accuracy: 0.594 ; loss: 0.946
2020-10-21 01:11:26,515:INFO: - Eval metrics : accuracy: 0.280 ; loss: 0.000
2020-10-21 01:11:26,532:INFO: - Found new best accuracy
2020-10-21 01:11:26,532:INFO: KD:Epoch 19/30
2020-10-21 01:11:27,484:INFO: - Train metrics: accuracy: 0.586 ; loss: 0.930
2020-10-21 01:11:28,788:INFO: - Eval metrics : accuracy: 0.290 ; loss: 0.000
2020-10-21 01:11:28,801:INFO: - Found new best accuracy
2020-10-21 01:11:28,802:INFO: KD:Epoch 20/30
2020-10-21 01:11:29,696:INFO: - Train metrics: accuracy: 0.578 ; loss: 0.945
2020-10-21 01:11:31,474:INFO: - Eval metrics : accuracy: 0.295 ; loss: 0.000
2020-10-21 01:11:31,487:INFO: - Found new best accuracy
2020-10-21 01:11:31,488:INFO: KD:Epoch 21/30
2020-10-21 01:11:32,485:INFO: - Train metrics: accuracy: 0.609 ; loss: 0.955
2020-10-21 01:11:33,872:INFO: - Eval metrics : accuracy: 0.301 ; loss: 0.000
2020-10-21 01:11:33,888:INFO: - Found new best accuracy
2020-10-21 01:11:33,889:INFO: KD:Epoch 22/30
2020-10-21 01:11:34,884:INFO: - Train metrics: accuracy: 0.586 ; loss: 0.935
2020-10-21 01:11:36,525:INFO: - Eval metrics : accuracy: 0.310 ; loss: 0.000
2020-10-21 01:11:36,541:INFO: - Found new best accuracy
2020-10-21 01:11:36,542:INFO: KD:Epoch 23/30
2020-10-21 01:11:37,529:INFO: - Train metrics: accuracy: 0.648 ; loss: 0.915
2020-10-21 01:11:38,790:INFO: - Eval metrics : accuracy: 0.308 ; loss: 0.000
2020-10-21 01:11:38,798:INFO: KD:Epoch 24/30
2020-10-21 01:11:39,629:INFO: - Train metrics: accuracy: 0.680 ; loss: 0.946
2020-10-21 01:11:40,891:INFO: - Eval metrics : accuracy: 0.310 ; loss: 0.000
2020-10-21 01:11:40,904:INFO: - Found new best accuracy
2020-10-21 01:11:40,905:INFO: KD:Epoch 25/30
2020-10-21 01:11:41,731:INFO: - Train metrics: accuracy: 0.664 ; loss: 0.903
2020-10-21 01:11:42,944:INFO: - Eval metrics : accuracy: 0.335 ; loss: 0.000
2020-10-21 01:11:42,958:INFO: - Found new best accuracy
2020-10-21 01:11:42,958:INFO: KD:Epoch 26/30
2020-10-21 01:11:43,772:INFO: - Train metrics: accuracy: 0.672 ; loss: 0.938
2020-10-21 01:11:45,331:INFO: - Eval metrics : accuracy: 0.348 ; loss: 0.000
2020-10-21 01:11:45,344:INFO: - Found new best accuracy
2020-10-21 01:11:45,345:INFO: KD:Epoch 27/30
2020-10-21 01:11:46,141:INFO: - Train metrics: accuracy: 0.688 ; loss: 0.941
2020-10-21 01:11:47,369:INFO: - Eval metrics : accuracy: 0.336 ; loss: 0.000
2020-10-21 01:11:47,378:INFO: KD:Epoch 28/30
2020-10-21 01:11:48,199:INFO: - Train metrics: accuracy: 0.695 ; loss: 0.908
2020-10-21 01:11:49,425:INFO: - Eval metrics : accuracy: 0.317 ; loss: 0.000
2020-10-21 01:11:49,434:INFO: KD:Epoch 29/30
2020-10-21 01:11:50,251:INFO: - Train metrics: accuracy: 0.719 ; loss: 0.905
2020-10-21 01:11:51,443:INFO: - Eval metrics : accuracy: 0.324 ; loss: 0.000
2020-10-21 01:11:51,452:INFO: KD:Epoch 30/30
2020-10-21 01:11:52,280:INFO: - Train metrics: accuracy: 0.773 ; loss: 0.902
2020-10-21 01:11:53,539:INFO: - Eval metrics : accuracy: 0.351 ; loss: 0.000
2020-10-21 01:11:53,552:INFO: - Found new best accuracy
2020-10-21 01:11:53,553:INFO: train: 65.61264324188232
2020-10-21 01:11:53,553:INFO: ~~~~~~~~~~~~~~~~~~
2020-10-21 01:11:53,553:INFO: 863.7735443115234[sec]
2020-10-21 01:28:52,701:INFO: Loading the datasets...
2020-10-21 01:28:54,487:INFO: - done.
2020-10-21 01:28:54,492:INFO: student_model_load_time: 0.004912137985229492
2020-10-21 01:36:17,867:INFO: teacher_model_load_time: 443.3752381801605
2020-10-21 01:36:17,868:INFO: Experiment - model version: cnn_distill
2020-10-21 01:36:17,868:INFO: Starting training for 30 epoch(s)
2020-10-21 01:36:17,868:INFO: First, loading the teacher model and computing its outputs...
2020-10-21 01:36:17,868:INFO: restore_load_time: 1.430511474609375e-06
2020-10-21 01:48:43,847:INFO: - Finished computing teacher outputs after 746 secs..
2020-10-21 01:48:43,847:INFO: KD:Epoch 1/30
2020-10-21 01:49:49,132:INFO: - Train metrics: accuracy: 0.332 ; loss: 1.005
2020-10-21 01:49:54,144:INFO: - Eval metrics : accuracy: 0.536 ; loss: 0.000
2020-10-21 01:49:54,159:INFO: - Found new best accuracy
2020-10-21 01:49:54,160:INFO: KD:Epoch 2/30
2020-10-21 01:50:59,912:INFO: - Train metrics: accuracy: 0.557 ; loss: 0.974
2020-10-21 01:51:04,729:INFO: - Eval metrics : accuracy: 0.602 ; loss: 0.000
2020-10-21 01:51:04,745:INFO: - Found new best accuracy
2020-10-21 01:51:04,745:INFO: KD:Epoch 3/30
2020-10-21 01:52:10,518:INFO: - Train metrics: accuracy: 0.555 ; loss: 0.970
2020-10-21 01:52:15,389:INFO: - Eval metrics : accuracy: 0.662 ; loss: 0.000
2020-10-21 01:52:15,401:INFO: - Found new best accuracy
2020-10-21 01:52:15,402:INFO: KD:Epoch 4/30
2020-10-21 01:53:21,141:INFO: - Train metrics: accuracy: 0.615 ; loss: 0.964
2020-10-21 01:53:25,950:INFO: - Eval metrics : accuracy: 0.672 ; loss: 0.000
2020-10-21 01:53:25,962:INFO: - Found new best accuracy
2020-10-21 01:53:25,962:INFO: KD:Epoch 5/30
2020-10-21 01:54:32,035:INFO: - Train metrics: accuracy: 0.586 ; loss: 0.965
2020-10-21 01:54:36,914:INFO: - Eval metrics : accuracy: 0.696 ; loss: 0.000
2020-10-21 01:54:36,927:INFO: - Found new best accuracy
2020-10-21 01:54:36,927:INFO: KD:Epoch 6/30
2020-10-21 01:55:42,816:INFO: - Train metrics: accuracy: 0.672 ; loss: 0.954
2020-10-21 01:55:47,708:INFO: - Eval metrics : accuracy: 0.710 ; loss: 0.000
2020-10-21 01:55:47,720:INFO: - Found new best accuracy
2020-10-21 01:55:47,721:INFO: KD:Epoch 7/30
2020-10-21 01:56:54,339:INFO: - Train metrics: accuracy: 0.676 ; loss: 0.955
2020-10-21 01:56:59,319:INFO: - Eval metrics : accuracy: 0.732 ; loss: 0.000
2020-10-21 01:56:59,331:INFO: - Found new best accuracy
2020-10-21 01:56:59,331:INFO: KD:Epoch 8/30
2020-10-21 01:58:05,138:INFO: - Train metrics: accuracy: 0.693 ; loss: 0.954
2020-10-21 01:58:10,137:INFO: - Eval metrics : accuracy: 0.720 ; loss: 0.000
2020-10-21 01:58:10,145:INFO: KD:Epoch 9/30
2020-10-21 01:59:15,543:INFO: - Train metrics: accuracy: 0.707 ; loss: 0.956
2020-10-21 01:59:20,437:INFO: - Eval metrics : accuracy: 0.750 ; loss: 0.000
2020-10-21 01:59:20,449:INFO: - Found new best accuracy
2020-10-21 01:59:20,449:INFO: KD:Epoch 10/30
2020-10-21 02:00:26,377:INFO: - Train metrics: accuracy: 0.699 ; loss: 0.954
2020-10-21 02:00:31,399:INFO: - Eval metrics : accuracy: 0.757 ; loss: 0.000
2020-10-21 02:00:31,415:INFO: - Found new best accuracy
2020-10-21 02:00:31,415:INFO: KD:Epoch 11/30
2020-10-21 02:01:37,386:INFO: - Train metrics: accuracy: 0.734 ; loss: 0.951
2020-10-21 02:01:42,327:INFO: - Eval metrics : accuracy: 0.755 ; loss: 0.000
2020-10-21 02:01:42,335:INFO: KD:Epoch 12/30
2020-10-21 02:02:48,145:INFO: - Train metrics: accuracy: 0.729 ; loss: 0.939
2020-10-21 02:02:53,204:INFO: - Eval metrics : accuracy: 0.768 ; loss: 0.000
2020-10-21 02:02:53,219:INFO: - Found new best accuracy
2020-10-21 02:02:53,220:INFO: KD:Epoch 13/30
2020-10-21 02:03:58,636:INFO: - Train metrics: accuracy: 0.709 ; loss: 0.953
2020-10-21 02:04:03,574:INFO: - Eval metrics : accuracy: 0.770 ; loss: 0.000
2020-10-21 02:04:03,588:INFO: - Found new best accuracy
2020-10-21 02:04:03,589:INFO: KD:Epoch 14/30
2020-10-21 02:05:09,665:INFO: - Train metrics: accuracy: 0.779 ; loss: 0.938
2020-10-21 02:05:14,587:INFO: - Eval metrics : accuracy: 0.772 ; loss: 0.000
2020-10-21 02:05:14,599:INFO: - Found new best accuracy
2020-10-21 02:05:14,600:INFO: KD:Epoch 15/30
2020-10-21 02:06:20,692:INFO: - Train metrics: accuracy: 0.756 ; loss: 0.938
2020-10-21 02:06:25,546:INFO: - Eval metrics : accuracy: 0.762 ; loss: 0.000
2020-10-21 02:06:25,555:INFO: KD:Epoch 16/30
2020-10-21 02:07:31,116:INFO: - Train metrics: accuracy: 0.727 ; loss: 0.946
2020-10-21 02:07:35,988:INFO: - Eval metrics : accuracy: 0.778 ; loss: 0.000
2020-10-21 02:07:36,003:INFO: - Found new best accuracy
2020-10-21 02:07:36,004:INFO: KD:Epoch 17/30
2020-10-21 02:08:42,317:INFO: - Train metrics: accuracy: 0.768 ; loss: 0.935
2020-10-21 02:08:47,202:INFO: - Eval metrics : accuracy: 0.780 ; loss: 0.000
2020-10-21 02:08:47,215:INFO: - Found new best accuracy
2020-10-21 02:08:47,216:INFO: KD:Epoch 18/30
2020-10-21 02:09:53,217:INFO: - Train metrics: accuracy: 0.754 ; loss: 0.942
2020-10-21 02:09:58,080:INFO: - Eval metrics : accuracy: 0.783 ; loss: 0.000
2020-10-21 02:09:58,098:INFO: - Found new best accuracy
2020-10-21 02:09:58,099:INFO: KD:Epoch 19/30
2020-10-21 02:11:04,025:INFO: - Train metrics: accuracy: 0.740 ; loss: 0.947
2020-10-21 02:11:08,868:INFO: - Eval metrics : accuracy: 0.790 ; loss: 0.000
2020-10-21 02:11:08,882:INFO: - Found new best accuracy
2020-10-21 02:11:08,882:INFO: KD:Epoch 20/30
2020-10-21 02:12:14,241:INFO: - Train metrics: accuracy: 0.764 ; loss: 0.943
2020-10-21 02:12:19,075:INFO: - Eval metrics : accuracy: 0.796 ; loss: 0.000
2020-10-21 02:12:19,088:INFO: - Found new best accuracy
2020-10-21 02:12:19,089:INFO: KD:Epoch 21/30
2020-10-21 02:13:24,931:INFO: - Train metrics: accuracy: 0.803 ; loss: 0.926
2020-10-21 02:13:29,792:INFO: - Eval metrics : accuracy: 0.782 ; loss: 0.000
2020-10-21 02:13:29,800:INFO: KD:Epoch 22/30
2020-10-21 02:14:35,810:INFO: - Train metrics: accuracy: 0.752 ; loss: 0.950
2020-10-21 02:14:40,864:INFO: - Eval metrics : accuracy: 0.796 ; loss: 0.000
2020-10-21 02:14:40,877:INFO: - Found new best accuracy
2020-10-21 02:14:40,877:INFO: KD:Epoch 23/30
2020-10-21 02:15:46,448:INFO: - Train metrics: accuracy: 0.746 ; loss: 0.946
2020-10-21 02:15:51,343:INFO: - Eval metrics : accuracy: 0.789 ; loss: 0.000
2020-10-21 02:15:51,352:INFO: KD:Epoch 24/30
2020-10-21 02:16:56,894:INFO: - Train metrics: accuracy: 0.740 ; loss: 0.942
2020-10-21 02:17:01,821:INFO: - Eval metrics : accuracy: 0.791 ; loss: 0.000
2020-10-21 02:17:01,829:INFO: KD:Epoch 25/30
2020-10-21 02:18:07,231:INFO: - Train metrics: accuracy: 0.781 ; loss: 0.942
2020-10-21 02:18:12,060:INFO: - Eval metrics : accuracy: 0.795 ; loss: 0.000
2020-10-21 02:18:12,070:INFO: KD:Epoch 26/30
2020-10-21 02:19:17,561:INFO: - Train metrics: accuracy: 0.758 ; loss: 0.938
2020-10-21 02:19:22,429:INFO: - Eval metrics : accuracy: 0.794 ; loss: 0.000
2020-10-21 02:19:22,436:INFO: KD:Epoch 27/30
2020-10-21 02:20:27,935:INFO: - Train metrics: accuracy: 0.758 ; loss: 0.936
2020-10-21 02:20:32,840:INFO: - Eval metrics : accuracy: 0.797 ; loss: 0.000
2020-10-21 02:20:32,858:INFO: - Found new best accuracy
2020-10-21 02:20:32,859:INFO: KD:Epoch 28/30
2020-10-21 02:21:38,817:INFO: - Train metrics: accuracy: 0.785 ; loss: 0.935
2020-10-21 02:21:43,630:INFO: - Eval metrics : accuracy: 0.804 ; loss: 0.000
2020-10-21 02:21:43,642:INFO: - Found new best accuracy
2020-10-21 02:21:43,643:INFO: KD:Epoch 29/30
2020-10-21 02:22:48,828:INFO: - Train metrics: accuracy: 0.803 ; loss: 0.938
2020-10-21 02:22:53,675:INFO: - Eval metrics : accuracy: 0.805 ; loss: 0.000
2020-10-21 02:22:53,688:INFO: - Found new best accuracy
2020-10-21 02:22:53,688:INFO: KD:Epoch 30/30
2020-10-21 02:23:59,477:INFO: - Train metrics: accuracy: 0.787 ; loss: 0.936
2020-10-21 02:24:04,409:INFO: - Eval metrics : accuracy: 0.812 ; loss: 0.000
2020-10-21 02:24:04,422:INFO: - Found new best accuracy
2020-10-21 02:24:04,423:INFO: train: 2120.575262069702
2020-10-21 02:24:04,424:INFO: ~~~~~~~~~~~~~~~~~~
2020-10-21 02:24:04,424:INFO: 3311.739999771118[sec]
